2016-10-01 08:11:53	SELECT * FROM iwebshop_user as u,iwebshop_member as m WHERE (u.username = 'luyaran' or u.email = 'luyaran' or m.mobile='luyaran') and m.status = 1 and u.id = m.user_id limit 1	
2016-10-01 08:11:53	SELECT * FROM iwebshop_ad_position WHERE id=1 AND `status`=1 limit 1	
2016-10-01 08:11:53	SELECT * FROM iwebshop_ad_manage WHERE position_id=1 and goods_cat_id = 0 and start_time < '2016-10-01 08:11:53' AND end_time > '2016-10-01 08:11:53' ORDER BY `order` ASC  limit 50000	
2016-10-01 08:11:53	SELECT * FROM iwebshop_ad_position WHERE id=7 AND `status`=1 limit 1	
2016-10-01 08:11:53	SELECT * FROM iwebshop_ad_manage WHERE position_id=7 and goods_cat_id = 0 and start_time < '2016-10-01 08:11:53' AND end_time > '2016-10-01 08:11:53' ORDER BY `order` ASC  limit 50000	
2016-10-01 08:11:53	SELECT * FROM iwebshop_ad_position WHERE id=6 AND `status`=1 limit 1	
2016-10-01 08:11:53	SELECT * FROM iwebshop_ad_manage WHERE position_id=6 and goods_cat_id = 0 and start_time < '2016-10-01 08:11:53' AND end_time > '2016-10-01 08:11:53' ORDER BY `order` ASC  limit 50000	
2016-10-01 08:11:53	SELECT * FROM iwebshop_promotion WHERE `condition` between 0 and 999999999 and type = 0 and is_close = 0 and start_time <= "2016-10-01 08:11:53" and end_time >= "2016-10-01 08:11:53" and seller_id = 0 and award_type in (3,4,5,6,7) and user_group = "all"  ORDER BY `condition` DESC  limit 50000	
2016-10-01 08:11:53	SELECT * FROM iwebshop_promotion WHERE `condition` between 0 and 999999999 and type = 0 and is_close = 0 and start_time <= "2016-10-01 08:11:53" and end_time >= "2016-10-01 08:11:53" and seller_id = 0 and award_type in (1,2) and user_group = "all"  ORDER BY `condition` DESC  limit 50000	
2016-10-01 08:12:05	SELECT * FROM iwebshop_user as u,iwebshop_member as m WHERE (u.username = 'luyaran' or u.email = 'luyaran' or m.mobile='luyaran') and m.status = 1 and u.id = m.user_id limit 1	
2016-10-01 08:12:12	SELECT * FROM iwebshop_user as u,iwebshop_member as m WHERE (u.username = 'luyaran' or u.email = 'luyaran' or m.mobile='luyaran') and m.status = 1 and u.id = m.user_id limit 1	
2016-10-01 08:12:12	SELECT * FROM iwebshop_ad_position WHERE id=1 AND `status`=1 limit 1	
2016-10-01 08:12:12	SELECT * FROM iwebshop_ad_manage WHERE position_id=1 and goods_cat_id = 0 and start_time < '2016-10-01 08:12:12' AND end_time > '2016-10-01 08:12:12' ORDER BY `order` ASC  limit 50000	
2016-10-01 08:12:12	SELECT * FROM iwebshop_ad_position WHERE id=7 AND `status`=1 limit 1	
2016-10-01 08:12:12	SELECT * FROM iwebshop_ad_manage WHERE position_id=7 and goods_cat_id = 0 and start_time < '2016-10-01 08:12:12' AND end_time > '2016-10-01 08:12:12' ORDER BY `order` ASC  limit 50000	
2016-10-01 08:12:12	SELECT * FROM iwebshop_ad_position WHERE id=6 AND `status`=1 limit 1	
2016-10-01 08:12:12	SELECT * FROM iwebshop_ad_manage WHERE position_id=6 and goods_cat_id = 0 and start_time < '2016-10-01 08:12:12' AND end_time > '2016-10-01 08:12:12' ORDER BY `order` ASC  limit 50000	
2016-10-01 08:12:12	SELECT * FROM iwebshop_promotion WHERE `condition` between 0 and 999999999 and type = 0 and is_close = 0 and start_time <= "2016-10-01 08:12:12" and end_time >= "2016-10-01 08:12:12" and seller_id = 0 and award_type in (3,4,5,6,7) and user_group = "all"  ORDER BY `condition` DESC  limit 50000	
2016-10-01 08:12:12	SELECT * FROM iwebshop_promotion WHERE `condition` between 0 and 999999999 and type = 0 and is_close = 0 and start_time <= "2016-10-01 08:12:12" and end_time >= "2016-10-01 08:12:12" and seller_id = 0 and award_type in (1,2) and user_group = "all"  ORDER BY `condition` DESC  limit 50000	
2016-10-01 08:12:35	SELECT * FROM iwebshop_admin WHERE admin_name = "luyaran" limit 1	
2016-10-01 08:12:35	SELECT * FROM iwebshop_admin WHERE admin_name='luyaran' and is_del = 0 limit 1	
2016-10-01 08:12:35	SELECT * FROM iwebshop_admin WHERE admin_name='luyaran' and is_del = 0 limit 1	
2016-10-01 08:12:36	SELECT count(*) as num FROM iwebshop_goods WHERE is_del != 1 limit 1	
2016-10-01 08:12:36	SELECT count(*) as num FROM iwebshop_comment as co,iwebshop_goods as go WHERE co.status = 1 and co.goods_id = go.id and co.recomment_time<=0 limit 1	
2016-10-01 08:12:36	SELECT count(*) as num FROM iwebshop_refer as re,iwebshop_goods as go WHERE re.goods_id = go.id and re.status = 0 limit 1	
2016-10-01 08:12:36	SELECT * FROM iwebshop_admin WHERE admin_name = "luyaran" limit 1	
2016-10-01 08:12:42	SELECT * FROM iwebshop_admin WHERE admin_name='luyaran' and is_del = 0 limit 1	
2016-10-01 08:12:42	SELECT * FROM iwebshop_admin WHERE admin_name='luyaran' and is_del = 0 limit 1	
2016-10-01 08:12:42	SELECT * FROM iwebshop_admin WHERE admin_name = "luyaran" limit 1	
2016-10-01 08:12:47	SELECT * FROM iwebshop_admin WHERE admin_name='luyaran' and is_del = 0 limit 1	
2016-10-01 08:12:47	SELECT * FROM iwebshop_admin WHERE admin_name='luyaran' and is_del = 0 limit 1	
2016-10-01 08:12:47	SELECT * FROM iwebshop_admin WHERE admin_name = "luyaran" limit 1	
2016-10-01 08:13:02	SELECT * FROM iwebshop_admin WHERE admin_name='luyaran' and is_del = 0 limit 1	
2016-10-01 08:13:02	SELECT * FROM iwebshop_admin WHERE admin_name='luyaran' and is_del = 0 limit 1	
2016-10-01 08:13:02	SELECT * FROM iwebshop_admin WHERE admin_name = "luyaran" limit 1	
2016-10-01 08:21:33	SELECT * FROM iwebshop_user as u,iwebshop_member as m WHERE (u.username = 'luyaran' or u.email = 'luyaran' or m.mobile='luyaran') and m.status = 1 and u.id = m.user_id limit 1	
2016-10-01 08:21:33	SELECT * FROM iwebshop_user as u,iwebshop_member as m WHERE (u.username = '' or u.email = '' or m.mobile='') and m.status = 1 and u.id = m.user_id limit 1	
2016-10-01 08:34:00	SELECT * FROM iwebshop_admin WHERE admin_name='' and is_del = 0 limit 1	
2016-10-01 08:34:00	SELECT * FROM iwebshop_user as u,iwebshop_member as m WHERE (u.username = '' or u.email = '' or m.mobile='') and m.status = 1 and u.id = m.user_id limit 1	
2016-10-01 08:34:17	SELECT * FROM iwebshop_admin WHERE admin_name = "luyaran" limit 1	
2016-10-01 08:34:18	SELECT * FROM iwebshop_admin WHERE admin_name='luyaran' and is_del = 0 limit 1	
2016-10-01 08:34:18	SELECT * FROM iwebshop_admin WHERE admin_name='luyaran' and is_del = 0 limit 1	
2016-10-01 08:34:18	SELECT count(*) as num FROM iwebshop_goods WHERE is_del != 1 limit 1	
2016-10-01 08:34:18	SELECT count(*) as num FROM iwebshop_comment as co,iwebshop_goods as go WHERE co.status = 1 and co.goods_id = go.id and co.recomment_time<=0 limit 1	
2016-10-01 08:34:18	SELECT count(*) as num FROM iwebshop_refer as re,iwebshop_goods as go WHERE re.goods_id = go.id and re.status = 0 limit 1	
2016-10-01 08:34:18	SELECT * FROM iwebshop_admin WHERE admin_name = "luyaran" limit 1	
2016-10-01 08:34:24	SELECT * FROM iwebshop_admin WHERE admin_name='luyaran' and is_del = 0 limit 1	
2016-10-01 08:34:24	SELECT * FROM iwebshop_admin WHERE admin_name='luyaran' and is_del = 0 limit 1	
2016-10-01 08:34:25	SELECT * FROM iwebshop_admin WHERE admin_name = "luyaran" limit 1	
2016-10-01 08:36:01	SELECT * FROM iwebshop_user as u,iwebshop_member as m WHERE (u.username = '' or u.email = '' or m.mobile='') and m.status = 1 and u.id = m.user_id limit 1	
2016-10-01 08:36:02	SELECT * FROM iwebshop_user as u,iwebshop_member as m WHERE (u.username = '' or u.email = '' or m.mobile='') and m.status = 1 and u.id = m.user_id limit 1	
2016-10-01 08:36:38	SELECT * FROM iwebshop_user as u,iwebshop_member as m WHERE (u.username = '' or u.email = '' or m.mobile='') and m.status = 1 and u.id = m.user_id limit 1	
2016-10-01 08:36:38	SELECT * FROM iwebshop_user as u,iwebshop_member as m WHERE (u.username = '' or u.email = '' or m.mobile='') and m.status = 1 and u.id = m.user_id limit 1	
2016-10-01 12:42:49	SELECT * FROM iwebshop_user as u,iwebshop_member as m WHERE (u.username = '' or u.email = '' or m.mobile='') and m.status = 1 and u.id = m.user_id limit 1	
2016-10-01 12:43:19	SELECT * FROM iwebshop_user as u,iwebshop_member as m WHERE (u.username = '' or u.email = '' or m.mobile='') and m.status = 1 and u.id = m.user_id limit 1	
2016-10-01 12:43:19	SELECT * FROM iwebshop_user as u,iwebshop_member as m WHERE (u.username = 'luyaran' or u.email = 'luyaran' or m.mobile='luyaran') and m.status = 1 and u.id = m.user_id limit 1	
2016-10-01 12:43:19	SELECT exp FROM iwebshop_member WHERE user_id = 1 limit 1	
2016-10-01 12:43:19	SELECT id FROM iwebshop_user_group WHERE 0 between minexp and maxexp and minexp > 0 and maxexp > 0 limit 1	
2016-10-01 12:43:19	SELECT * FROM iwebshop_user as u,iwebshop_member as m WHERE (u.username = 'luyaran' or u.email = 'luyaran' or m.mobile='luyaran') and m.status = 1 and u.id = m.user_id limit 1	
2016-10-01 12:43:19	SELECT * FROM iwebshop_member WHERE user_id=1 limit 1	
2016-10-01 12:43:19	SELECT * FROM iwebshop_member WHERE user_id = 1 limit 1	
2016-10-01 12:43:19	SELECT count(id) as num FROM iwebshop_comment WHERE user_id = 1 and status = 0 limit 1	
2016-10-01 12:43:19	SELECT count(id) as num FROM iwebshop_order WHERE user_id = 1 and status = 1 and if_del = 0 limit 1	
2016-10-01 12:43:19	SELECT count(id) as num FROM iwebshop_order WHERE user_id = 1 and status = 2 and distribution_status = 1 and if_del = 0 limit 1	
2016-10-01 12:43:42	SELECT * FROM iwebshop_user as u,iwebshop_member as m WHERE (u.username = 'luyaran' or u.email = 'luyaran' or m.mobile='luyaran') and m.status = 1 and u.id = m.user_id limit 1	
