2016-10-06 18:50:12	SELECT * FROM iwebshop_user as u,iwebshop_member as m WHERE (u.username = 'luyaran' or u.email = 'luyaran' or m.mobile='luyaran') and m.status = 1 and u.id = m.user_id limit 1	
2016-10-06 18:50:13	SELECT * FROM iwebshop_ad_position WHERE id=1 AND `status`=1 limit 1	
2016-10-06 18:50:13	SELECT * FROM iwebshop_ad_manage WHERE position_id=1 and goods_cat_id = 0 and start_time < '2016-10-06 18:50:13' AND end_time > '2016-10-06 18:50:13' ORDER BY `order` ASC  limit 50000	
2016-10-06 18:50:13	SELECT * FROM iwebshop_ad_position WHERE id=7 AND `status`=1 limit 1	
2016-10-06 18:50:13	SELECT * FROM iwebshop_ad_manage WHERE position_id=7 and goods_cat_id = 0 and start_time < '2016-10-06 18:50:13' AND end_time > '2016-10-06 18:50:13' ORDER BY `order` ASC  limit 50000	
2016-10-06 18:50:13	SELECT * FROM iwebshop_ad_position WHERE id=6 AND `status`=1 limit 1	
2016-10-06 18:50:13	SELECT * FROM iwebshop_ad_manage WHERE position_id=6 and goods_cat_id = 0 and start_time < '2016-10-06 18:50:13' AND end_time > '2016-10-06 18:50:13' ORDER BY `order` ASC  limit 50000	
2016-10-06 18:50:14	SELECT * FROM iwebshop_promotion WHERE `condition` between 0 and 999999999 and type = 0 and is_close = 0 and start_time <= "2016-10-06 18:50:14" and end_time >= "2016-10-06 18:50:14" and seller_id = 0 and award_type in (3,4,5,6,7) and user_group = "all"  ORDER BY `condition` DESC  limit 50000	
2016-10-06 18:50:14	SELECT * FROM iwebshop_promotion WHERE `condition` between 0 and 999999999 and type = 0 and is_close = 0 and start_time <= "2016-10-06 18:50:14" and end_time >= "2016-10-06 18:50:14" and seller_id = 0 and award_type in (1,2) and user_group = "all"  ORDER BY `condition` DESC  limit 50000	
2016-10-06 18:50:24	SELECT * FROM iwebshop_user as u,iwebshop_member as m WHERE (u.username = 'luyaran' or u.email = 'luyaran' or m.mobile='luyaran') and m.status = 1 and u.id = m.user_id limit 1	
2016-10-06 18:50:25	SELECT * FROM iwebshop_ad_position WHERE id=1 AND `status`=1 limit 1	
2016-10-06 18:50:25	SELECT * FROM iwebshop_ad_manage WHERE position_id=1 and goods_cat_id = 0 and start_time < '2016-10-06 18:50:25' AND end_time > '2016-10-06 18:50:25' ORDER BY `order` ASC  limit 50000	
2016-10-06 18:50:25	SELECT * FROM iwebshop_ad_position WHERE id=7 AND `status`=1 limit 1	
2016-10-06 18:50:25	SELECT * FROM iwebshop_ad_manage WHERE position_id=7 and goods_cat_id = 0 and start_time < '2016-10-06 18:50:25' AND end_time > '2016-10-06 18:50:25' ORDER BY `order` ASC  limit 50000	
2016-10-06 18:50:25	SELECT * FROM iwebshop_ad_position WHERE id=6 AND `status`=1 limit 1	
2016-10-06 18:50:25	SELECT * FROM iwebshop_ad_manage WHERE position_id=6 and goods_cat_id = 0 and start_time < '2016-10-06 18:50:25' AND end_time > '2016-10-06 18:50:25' ORDER BY `order` ASC  limit 50000	
2016-10-06 18:50:25	SELECT * FROM iwebshop_promotion WHERE `condition` between 0 and 999999999 and type = 0 and is_close = 0 and start_time <= "2016-10-06 18:50:25" and end_time >= "2016-10-06 18:50:25" and seller_id = 0 and award_type in (3,4,5,6,7) and user_group = "all"  ORDER BY `condition` DESC  limit 50000	
2016-10-06 18:50:25	SELECT * FROM iwebshop_promotion WHERE `condition` between 0 and 999999999 and type = 0 and is_close = 0 and start_time <= "2016-10-06 18:50:25" and end_time >= "2016-10-06 18:50:25" and seller_id = 0 and award_type in (1,2) and user_group = "all"  ORDER BY `condition` DESC  limit 50000	
2016-10-06 18:50:35	SELECT * FROM iwebshop_user as u,iwebshop_member as m WHERE (u.username = 'luyaran' or u.email = 'luyaran' or m.mobile='luyaran') and m.status = 1 and u.id = m.user_id limit 1	
2016-10-06 18:50:39	SELECT * FROM iwebshop_user as u,iwebshop_member as m WHERE (u.username = 'luyaran' or u.email = 'luyaran' or m.mobile='luyaran') and m.status = 1 and u.id = m.user_id limit 1	
2016-10-06 18:50:39	SELECT * FROM iwebshop_ad_position WHERE id=1 AND `status`=1 limit 1	
2016-10-06 18:50:39	SELECT * FROM iwebshop_ad_manage WHERE position_id=1 and goods_cat_id = 0 and start_time < '2016-10-06 18:50:39' AND end_time > '2016-10-06 18:50:39' ORDER BY `order` ASC  limit 50000	
2016-10-06 18:50:39	SELECT * FROM iwebshop_ad_position WHERE id=7 AND `status`=1 limit 1	
2016-10-06 18:50:39	SELECT * FROM iwebshop_ad_manage WHERE position_id=7 and goods_cat_id = 0 and start_time < '2016-10-06 18:50:39' AND end_time > '2016-10-06 18:50:39' ORDER BY `order` ASC  limit 50000	
2016-10-06 18:50:39	SELECT * FROM iwebshop_ad_position WHERE id=6 AND `status`=1 limit 1	
2016-10-06 18:50:39	SELECT * FROM iwebshop_ad_manage WHERE position_id=6 and goods_cat_id = 0 and start_time < '2016-10-06 18:50:39' AND end_time > '2016-10-06 18:50:39' ORDER BY `order` ASC  limit 50000	
2016-10-06 18:50:39	SELECT * FROM iwebshop_promotion WHERE `condition` between 0 and 999999999 and type = 0 and is_close = 0 and start_time <= "2016-10-06 18:50:39" and end_time >= "2016-10-06 18:50:39" and seller_id = 0 and award_type in (3,4,5,6,7) and user_group = "all"  ORDER BY `condition` DESC  limit 50000	
2016-10-06 18:50:39	SELECT * FROM iwebshop_promotion WHERE `condition` between 0 and 999999999 and type = 0 and is_close = 0 and start_time <= "2016-10-06 18:50:39" and end_time >= "2016-10-06 18:50:39" and seller_id = 0 and award_type in (1,2) and user_group = "all"  ORDER BY `condition` DESC  limit 50000	
2016-10-06 18:51:00	SELECT * FROM iwebshop_admin WHERE admin_name = "luyaran" limit 1	
2016-10-06 18:51:00	SELECT * FROM iwebshop_user as u,iwebshop_member as m WHERE (u.username = 'luyaran' or u.email = 'luyaran' or m.mobile='luyaran') and m.status = 1 and u.id = m.user_id limit 1	
2016-10-06 18:51:15	SELECT * FROM iwebshop_admin WHERE admin_name = "luyaran" limit 1	
2016-10-06 18:51:16	SELECT * FROM iwebshop_admin WHERE admin_name='luyaran' and is_del = 0 limit 1	
2016-10-06 18:51:16	SELECT * FROM iwebshop_admin WHERE admin_name='luyaran' and is_del = 0 limit 1	
2016-10-06 18:51:17	SELECT count(*) as num FROM iwebshop_goods WHERE is_del != 1 limit 1	
2016-10-06 18:51:17	SELECT count(*) as num FROM iwebshop_comment as co,iwebshop_goods as go WHERE co.status = 1 and co.goods_id = go.id and co.recomment_time<=0 limit 1	
2016-10-06 18:51:17	SELECT count(*) as num FROM iwebshop_refer as re,iwebshop_goods as go WHERE re.goods_id = go.id and re.status = 0 limit 1	
2016-10-06 18:51:17	SELECT * FROM iwebshop_admin WHERE admin_name = "luyaran" limit 1	
2016-10-06 18:51:20	SELECT * FROM iwebshop_admin WHERE admin_name='luyaran' and is_del = 0 limit 1	
2016-10-06 18:51:20	SELECT * FROM iwebshop_admin WHERE admin_name='luyaran' and is_del = 0 limit 1	
2016-10-06 18:51:20	SELECT * FROM iwebshop_admin WHERE admin_name = "luyaran" limit 1	
2016-10-06 18:51:21	SELECT * FROM iwebshop_admin WHERE admin_name='luyaran' and is_del = 0 limit 1	
2016-10-06 18:51:21	SELECT * FROM iwebshop_admin WHERE admin_name='luyaran' and is_del = 0 limit 1	
2016-10-06 18:51:21	SELECT * FROM iwebshop_admin WHERE admin_name = "luyaran" limit 1	
