2016-10-07 10:36:19	SELECT * FROM iwebshop_user as u,iwebshop_member as m WHERE (u.username = 'luyaran' or u.email = 'luyaran' or m.mobile='luyaran') and m.status = 1 and u.id = m.user_id limit 1	
2016-10-07 10:36:19	SELECT * FROM iwebshop_ad_position WHERE id=1 AND `status`=1 limit 1	
2016-10-07 10:36:19	SELECT * FROM iwebshop_ad_manage WHERE position_id=1 and goods_cat_id = 0 and start_time < '2016-10-07 10:36:19' AND end_time > '2016-10-07 10:36:19' ORDER BY `order` ASC  limit 50000	
2016-10-07 10:36:19	SELECT * FROM iwebshop_ad_position WHERE id=7 AND `status`=1 limit 1	
2016-10-07 10:36:19	SELECT * FROM iwebshop_ad_manage WHERE position_id=7 and goods_cat_id = 0 and start_time < '2016-10-07 10:36:19' AND end_time > '2016-10-07 10:36:19' ORDER BY `order` ASC  limit 50000	
2016-10-07 10:36:19	SELECT * FROM iwebshop_ad_position WHERE id=6 AND `status`=1 limit 1	
2016-10-07 10:36:19	SELECT * FROM iwebshop_ad_manage WHERE position_id=6 and goods_cat_id = 0 and start_time < '2016-10-07 10:36:19' AND end_time > '2016-10-07 10:36:19' ORDER BY `order` ASC  limit 50000	
2016-10-07 10:36:20	SELECT * FROM iwebshop_promotion WHERE `condition` between 0 and 999999999 and type = 0 and is_close = 0 and start_time <= "2016-10-07 10:36:20" and end_time >= "2016-10-07 10:36:20" and seller_id = 0 and award_type in (3,4,5,6,7) and user_group = "all"  ORDER BY `condition` DESC  limit 50000	
2016-10-07 10:36:20	SELECT * FROM iwebshop_promotion WHERE `condition` between 0 and 999999999 and type = 0 and is_close = 0 and start_time <= "2016-10-07 10:36:20" and end_time >= "2016-10-07 10:36:20" and seller_id = 0 and award_type in (1,2) and user_group = "all"  ORDER BY `condition` DESC  limit 50000	
2016-10-07 10:36:27	SELECT * FROM iwebshop_user as u,iwebshop_member as m WHERE (u.username = 'luyaran' or u.email = 'luyaran' or m.mobile='luyaran') and m.status = 1 and u.id = m.user_id limit 1	
2016-10-07 10:36:32	SELECT * FROM iwebshop_user as u,iwebshop_member as m WHERE (u.username = 'luyaran' or u.email = 'luyaran' or m.mobile='luyaran') and m.status = 1 and u.id = m.user_id limit 1	
2016-10-07 10:36:32	SELECT * FROM iwebshop_ad_position WHERE id=1 AND `status`=1 limit 1	
2016-10-07 10:36:32	SELECT * FROM iwebshop_ad_manage WHERE position_id=1 and goods_cat_id = 0 and start_time < '2016-10-07 10:36:32' AND end_time > '2016-10-07 10:36:32' ORDER BY `order` ASC  limit 50000	
2016-10-07 10:36:32	SELECT * FROM iwebshop_ad_position WHERE id=7 AND `status`=1 limit 1	
2016-10-07 10:36:32	SELECT * FROM iwebshop_ad_manage WHERE position_id=7 and goods_cat_id = 0 and start_time < '2016-10-07 10:36:32' AND end_time > '2016-10-07 10:36:32' ORDER BY `order` ASC  limit 50000	
2016-10-07 10:36:32	SELECT * FROM iwebshop_ad_position WHERE id=6 AND `status`=1 limit 1	
2016-10-07 10:36:32	SELECT * FROM iwebshop_ad_manage WHERE position_id=6 and goods_cat_id = 0 and start_time < '2016-10-07 10:36:32' AND end_time > '2016-10-07 10:36:32' ORDER BY `order` ASC  limit 50000	
2016-10-07 10:36:32	SELECT * FROM iwebshop_promotion WHERE `condition` between 0 and 999999999 and type = 0 and is_close = 0 and start_time <= "2016-10-07 10:36:32" and end_time >= "2016-10-07 10:36:32" and seller_id = 0 and award_type in (3,4,5,6,7) and user_group = "all"  ORDER BY `condition` DESC  limit 50000	
2016-10-07 10:36:32	SELECT * FROM iwebshop_promotion WHERE `condition` between 0 and 999999999 and type = 0 and is_close = 0 and start_time <= "2016-10-07 10:36:32" and end_time >= "2016-10-07 10:36:32" and seller_id = 0 and award_type in (1,2) and user_group = "all"  ORDER BY `condition` DESC  limit 50000	
2016-10-07 10:36:59	SELECT * FROM iwebshop_admin WHERE admin_name = "luyaran" limit 1	
2016-10-07 10:36:59	SELECT * FROM iwebshop_admin WHERE admin_name='luyaran' and is_del = 0 limit 1	
2016-10-07 10:36:59	SELECT * FROM iwebshop_admin WHERE admin_name='luyaran' and is_del = 0 limit 1	
2016-10-07 10:37:00	SELECT count(*) as num FROM iwebshop_goods WHERE is_del != 1 limit 1	
2016-10-07 10:37:00	SELECT count(*) as num FROM iwebshop_comment as co,iwebshop_goods as go WHERE co.status = 1 and co.goods_id = go.id and co.recomment_time<=0 limit 1	
2016-10-07 10:37:00	SELECT count(*) as num FROM iwebshop_refer as re,iwebshop_goods as go WHERE re.goods_id = go.id and re.status = 0 limit 1	
2016-10-07 10:37:00	SELECT * FROM iwebshop_admin WHERE admin_name = "luyaran" limit 1	
2016-10-07 10:41:55	SELECT * FROM iwebshop_admin WHERE admin_name='luyaran' and is_del = 0 limit 1	
2016-10-07 10:41:55	SELECT * FROM iwebshop_admin WHERE admin_name='luyaran' and is_del = 0 limit 1	
2016-10-07 10:41:55	SELECT * FROM iwebshop_admin WHERE admin_name = "luyaran" limit 1	
2016-10-07 10:42:06	SELECT * FROM iwebshop_admin WHERE admin_name='luyaran' and is_del = 0 limit 1	
2016-10-07 10:42:06	SELECT * FROM iwebshop_admin WHERE admin_name='luyaran' and is_del = 0 limit 1	
2016-10-07 10:42:06	SELECT * FROM iwebshop_admin WHERE admin_name='luyaran' and is_del = 0 limit 1	
2016-10-07 10:42:06	SELECT * FROM iwebshop_admin WHERE admin_name='luyaran' and is_del = 0 limit 1	
2016-10-07 10:42:06	SELECT * FROM iwebshop_test limit 50000	
2016-10-07 10:42:06	SELECT * FROM iwebshop_admin WHERE admin_name = "luyaran" limit 1	
2016-10-07 10:42:12	SELECT * FROM iwebshop_admin WHERE admin_name='luyaran' and is_del = 0 limit 1	
2016-10-07 10:42:12	SELECT * FROM iwebshop_admin WHERE admin_name='luyaran' and is_del = 0 limit 1	
2016-10-07 10:42:12	SELECT * FROM iwebshop_test WHERE id=8 limit 50000	
2016-10-07 10:42:12	SELECT * FROM iwebshop_admin WHERE admin_name = "luyaran" limit 1	
2016-10-07 10:42:12	SELECT * FROM iwebshop_admin WHERE admin_name='luyaran' and is_del = 0 limit 1	
2016-10-07 10:42:12	SELECT * FROM iwebshop_admin WHERE admin_name='luyaran' and is_del = 0 limit 1	
2016-10-07 10:42:12	SELECT * FROM iwebshop_admin WHERE admin_name='luyaran' and is_del = 0 limit 1	
2016-10-07 10:42:12	SELECT * FROM iwebshop_admin WHERE admin_name='luyaran' and is_del = 0 limit 1	
2016-10-07 10:42:12	SELECT * FROM iwebshop_user as u,iwebshop_member as m WHERE (u.username = 'luyaran' or u.email = 'luyaran' or m.mobile='luyaran') and m.status = 1 and u.id = m.user_id limit 1	
2016-10-07 10:42:12	SELECT * FROM iwebshop_user as u,iwebshop_member as m WHERE (u.username = 'luyaran' or u.email = 'luyaran' or m.mobile='luyaran') and m.status = 1 and u.id = m.user_id limit 1	
2016-10-07 10:42:22	SELECT * FROM iwebshop_admin WHERE admin_name='luyaran' and is_del = 0 limit 1	
2016-10-07 10:42:22	SELECT * FROM iwebshop_admin WHERE admin_name='luyaran' and is_del = 0 limit 1	
2016-10-07 10:42:22	SELECT * FROM iwebshop_admin WHERE admin_name='luyaran' and is_del = 0 limit 1	
2016-10-07 10:42:22	SELECT * FROM iwebshop_admin WHERE admin_name='luyaran' and is_del = 0 limit 1	
2016-10-07 10:42:22	SELECT * FROM iwebshop_test limit 50000	
2016-10-07 10:42:22	SELECT * FROM iwebshop_admin WHERE admin_name = "luyaran" limit 1	
2016-10-07 10:42:25	SELECT * FROM iwebshop_admin WHERE admin_name='luyaran' and is_del = 0 limit 1	
2016-10-07 10:42:25	SELECT * FROM iwebshop_admin WHERE admin_name='luyaran' and is_del = 0 limit 1	
2016-10-07 10:42:25	SELECT * FROM iwebshop_admin WHERE admin_name='luyaran' and is_del = 0 limit 1	
2016-10-07 10:42:25	SELECT * FROM iwebshop_admin WHERE admin_name='luyaran' and is_del = 0 limit 1	
2016-10-07 10:42:25	SELECT * FROM iwebshop_test limit 50000	
2016-10-07 10:42:25	SELECT * FROM iwebshop_admin WHERE admin_name = "luyaran" limit 1	
2016-10-07 10:42:44	SELECT * FROM iwebshop_admin WHERE admin_name='luyaran' and is_del = 0 limit 1	
2016-10-07 10:42:44	SELECT * FROM iwebshop_admin WHERE admin_name='luyaran' and is_del = 0 limit 1	
2016-10-07 10:42:44	SELECT * FROM iwebshop_admin WHERE admin_name = "luyaran" limit 1	
2016-10-07 10:42:49	SELECT * FROM iwebshop_admin WHERE admin_name='luyaran' and is_del = 0 limit 1	
2016-10-07 10:42:49	SELECT * FROM iwebshop_admin WHERE admin_name='luyaran' and is_del = 0 limit 1	
2016-10-07 10:42:49	SELECT * FROM iwebshop_goods WHERE  id = 0  limit 1	
2016-10-07 10:42:49	SELECT * FROM iwebshop_admin WHERE admin_name = "luyaran" limit 1	
2016-10-07 10:42:54	SELECT * FROM iwebshop_admin WHERE admin_name='luyaran' and is_del = 0 limit 1	
2016-10-07 10:42:54	SELECT * FROM iwebshop_admin WHERE admin_name='luyaran' and is_del = 0 limit 1	
2016-10-07 10:42:54	SELECT * FROM iwebshop_admin WHERE admin_name = "luyaran" limit 1	
2016-10-07 10:42:55	SELECT * FROM iwebshop_admin WHERE admin_name='luyaran' and is_del = 0 limit 1	
2016-10-07 10:42:55	SELECT * FROM iwebshop_admin WHERE admin_name='luyaran' and is_del = 0 limit 1	
2016-10-07 10:42:55	SELECT * FROM iwebshop_goods WHERE  id = 0  limit 1	
2016-10-07 10:42:55	SELECT * FROM iwebshop_admin WHERE admin_name = "luyaran" limit 1	
2016-10-07 11:22:43	SELECT * FROM iwebshop_admin WHERE admin_name='luyaran' and is_del = 0 limit 1	
2016-10-07 11:22:43	SELECT * FROM iwebshop_admin WHERE admin_name='luyaran' and is_del = 0 limit 1	
2016-10-07 11:24:59	SELECT * FROM iwebshop_admin WHERE admin_name='luyaran' and is_del = 0 limit 1	
2016-10-07 11:24:59	SELECT * FROM iwebshop_admin WHERE admin_name='luyaran' and is_del = 0 limit 1	
2016-10-07 11:24:59	SELECT * FROM iwebshop_admin WHERE admin_name = "luyaran" limit 1	
2016-10-07 11:59:20	SELECT * FROM iwebshop_admin WHERE admin_name='luyaran' and is_del = 0 limit 1	
2016-10-07 11:59:20	SELECT * FROM iwebshop_admin WHERE admin_name='luyaran' and is_del = 0 limit 1	
2016-10-07 11:59:20	SELECT * FROM iwebshop_test limit 50000	
2016-10-07 11:59:20	SELECT * FROM iwebshop_admin WHERE admin_name = "luyaran" limit 1	
2016-10-07 11:59:24	SELECT * FROM iwebshop_admin WHERE admin_name='luyaran' and is_del = 0 limit 1	
2016-10-07 11:59:24	SELECT * FROM iwebshop_admin WHERE admin_name='luyaran' and is_del = 0 limit 1	
2016-10-07 11:59:24	SELECT * FROM iwebshop_admin WHERE admin_name = "luyaran" limit 1	
2016-10-07 11:59:26	SELECT id,order_no,4 as type_data FROM iwebshop_order WHERE  if_del = 0 and pay_type != 0 and status in(1) and datediff(NOW(),create_time) >= 7  limit 50000	
2016-10-07 11:59:26	SELECT id,order_no,5 as type_data FROM iwebshop_order WHERE  if_del = 0 and distribution_status = 1 and status in(1,2) and datediff(NOW(),send_time) >= 20  limit 50000	
2016-10-07 11:59:26	SELECT * FROM iwebshop_admin WHERE admin_name='luyaran' and is_del = 0 limit 1	
2016-10-07 11:59:26	SELECT * FROM iwebshop_admin WHERE admin_name='luyaran' and is_del = 0 limit 1	
2016-10-07 11:59:26	SELECT * FROM iwebshop_admin WHERE admin_name = "luyaran" limit 1	
2016-10-07 11:59:28	SELECT * FROM iwebshop_admin WHERE admin_name='luyaran' and is_del = 0 limit 1	
2016-10-07 11:59:28	SELECT * FROM iwebshop_admin WHERE admin_name='luyaran' and is_del = 0 limit 1	
2016-10-07 11:59:28	SELECT * FROM iwebshop_admin WHERE admin_name = "luyaran" limit 1	
2016-10-07 16:40:17	SELECT * FROM iwebshop_admin WHERE admin_name='luyaran' and is_del = 0 limit 1	
2016-10-07 16:40:19	SELECT * FROM iwebshop_admin WHERE admin_name='luyaran' and is_del = 0 limit 1	
2016-10-07 16:40:20	SELECT count(*) as num FROM iwebshop_goods WHERE is_del != 1 limit 1	
2016-10-07 16:40:21	SELECT count(*) as num FROM iwebshop_comment as co,iwebshop_goods as go WHERE co.status = 1 and co.goods_id = go.id and co.recomment_time<=0 limit 1	
2016-10-07 16:40:21	SELECT count(*) as num FROM iwebshop_refer as re,iwebshop_goods as go WHERE re.goods_id = go.id and re.status = 0 limit 1	
2016-10-07 16:40:21	SELECT * FROM iwebshop_admin WHERE admin_name = "luyaran" limit 1	
2016-10-07 16:40:32	SELECT * FROM iwebshop_admin WHERE admin_name='luyaran' and is_del = 0 limit 1	
2016-10-07 16:40:32	SELECT * FROM iwebshop_admin WHERE admin_name='luyaran' and is_del = 0 limit 1	
2016-10-07 16:40:35	SELECT * FROM iwebshop_admin WHERE admin_name = "luyaran" limit 1	
2016-10-07 16:43:20	SELECT * FROM iwebshop_admin WHERE admin_name='luyaran' and is_del = 0 limit 1	
2016-10-07 16:43:20	SELECT * FROM iwebshop_admin WHERE admin_name='luyaran' and is_del = 0 limit 1	
2016-10-07 16:43:20	SELECT * FROM iwebshop_admin WHERE admin_name = "luyaran" limit 1	
2016-10-07 16:43:22	SELECT * FROM iwebshop_admin WHERE admin_name='luyaran' and is_del = 0 limit 1	
2016-10-07 16:43:22	SELECT * FROM iwebshop_admin WHERE admin_name='luyaran' and is_del = 0 limit 1	
2016-10-07 16:43:22	SELECT * FROM iwebshop_admin WHERE admin_name = "luyaran" limit 1	
2016-10-07 16:43:26	SELECT * FROM iwebshop_admin WHERE admin_name='luyaran' and is_del = 0 limit 1	
2016-10-07 16:43:26	SELECT * FROM iwebshop_admin WHERE admin_name='luyaran' and is_del = 0 limit 1	
2016-10-07 16:43:26	SELECT * FROM iwebshop_admin WHERE admin_name = "luyaran" limit 1	
2016-10-07 16:43:51	SELECT * FROM iwebshop_admin WHERE admin_name='luyaran' and is_del = 0 limit 1	
2016-10-07 16:43:51	SELECT * FROM iwebshop_admin WHERE admin_name='luyaran' and is_del = 0 limit 1	
2016-10-07 16:43:51	SELECT * FROM iwebshop_admin WHERE admin_name = "luyaran" limit 1	
2016-10-07 16:48:55	SELECT * FROM iwebshop_admin WHERE admin_name='luyaran' and is_del = 0 limit 1	
2016-10-07 16:48:55	SELECT * FROM iwebshop_admin WHERE admin_name='luyaran' and is_del = 0 limit 1	
2016-10-07 16:48:55	SELECT * FROM iwebshop_member limit 50000	
2016-10-07 16:48:55	SELECT * FROM iwebshop_admin WHERE admin_name = "luyaran" limit 1	
2016-10-07 16:49:12	SELECT * FROM iwebshop_admin WHERE admin_name='luyaran' and is_del = 0 limit 1	
2016-10-07 16:49:12	SELECT * FROM iwebshop_admin WHERE admin_name='luyaran' and is_del = 0 limit 1	
2016-10-07 16:49:12	SELECT * FROM iwebshop_member limit 50000	
2016-10-07 16:49:12	SELECT * FROM iwebshop_admin WHERE admin_name = "luyaran" limit 1	
2016-10-07 16:49:14	SELECT * FROM iwebshop_admin WHERE admin_name='luyaran' and is_del = 0 limit 1	
2016-10-07 16:49:14	SELECT * FROM iwebshop_admin WHERE admin_name='luyaran' and is_del = 0 limit 1	
2016-10-07 16:49:14	SELECT * FROM iwebshop_member limit 50000	
2016-10-07 16:49:14	SELECT * FROM iwebshop_admin WHERE admin_name = "luyaran" limit 1	
2016-10-07 16:49:16	SELECT * FROM iwebshop_admin WHERE admin_name='luyaran' and is_del = 0 limit 1	
2016-10-07 16:49:16	SELECT * FROM iwebshop_admin WHERE admin_name='luyaran' and is_del = 0 limit 1	
2016-10-07 16:49:16	SELECT * FROM iwebshop_member limit 50000	
2016-10-07 16:49:16	SELECT * FROM iwebshop_admin WHERE admin_name = "luyaran" limit 1	
2016-10-07 16:49:19	SELECT * FROM iwebshop_admin WHERE admin_name='luyaran' and is_del = 0 limit 1	
2016-10-07 16:49:19	SELECT * FROM iwebshop_admin WHERE admin_name='luyaran' and is_del = 0 limit 1	
2016-10-07 16:49:19	SELECT * FROM iwebshop_member limit 50000	
2016-10-07 16:49:19	SELECT * FROM iwebshop_admin WHERE admin_name = "luyaran" limit 1	
2016-10-07 16:49:20	SELECT * FROM iwebshop_admin WHERE admin_name='luyaran' and is_del = 0 limit 1	
2016-10-07 16:49:20	SELECT * FROM iwebshop_admin WHERE admin_name='luyaran' and is_del = 0 limit 1	
2016-10-07 16:49:20	SELECT * FROM iwebshop_member limit 50000	
2016-10-07 16:49:20	SELECT * FROM iwebshop_admin WHERE admin_name = "luyaran" limit 1	
2016-10-07 16:49:22	SELECT * FROM iwebshop_admin WHERE admin_name='luyaran' and is_del = 0 limit 1	
2016-10-07 16:49:22	SELECT * FROM iwebshop_admin WHERE admin_name='luyaran' and is_del = 0 limit 1	
2016-10-07 16:49:22	SELECT * FROM iwebshop_member limit 50000	
2016-10-07 16:49:22	SELECT * FROM iwebshop_admin WHERE admin_name = "luyaran" limit 1	
2016-10-07 16:49:24	SELECT * FROM iwebshop_admin WHERE admin_name='luyaran' and is_del = 0 limit 1	
2016-10-07 16:49:24	SELECT * FROM iwebshop_admin WHERE admin_name='luyaran' and is_del = 0 limit 1	
2016-10-07 16:49:24	SELECT * FROM iwebshop_member limit 50000	
2016-10-07 16:49:24	SELECT * FROM iwebshop_admin WHERE admin_name = "luyaran" limit 1	
2016-10-07 16:49:26	SELECT * FROM iwebshop_admin WHERE admin_name='luyaran' and is_del = 0 limit 1	
2016-10-07 16:49:26	SELECT * FROM iwebshop_admin WHERE admin_name='luyaran' and is_del = 0 limit 1	
2016-10-07 16:49:26	SELECT * FROM iwebshop_member limit 50000	
2016-10-07 16:49:26	SELECT * FROM iwebshop_admin WHERE admin_name = "luyaran" limit 1	
2016-10-07 16:49:29	SELECT * FROM iwebshop_admin WHERE admin_name='luyaran' and is_del = 0 limit 1	
2016-10-07 16:49:29	SELECT * FROM iwebshop_admin WHERE admin_name='luyaran' and is_del = 0 limit 1	
2016-10-07 16:49:29	SELECT * FROM iwebshop_member limit 50000	
2016-10-07 16:49:29	SELECT * FROM iwebshop_admin WHERE admin_name = "luyaran" limit 1	
2016-10-07 16:50:14	SELECT * FROM iwebshop_admin WHERE admin_name='luyaran' and is_del = 0 limit 1	
2016-10-07 16:50:14	SELECT * FROM iwebshop_admin WHERE admin_name='luyaran' and is_del = 0 limit 1	
2016-10-07 16:50:14	SELECT * FROM iwebshop_member limit 50000	
2016-10-07 16:50:14	SELECT * FROM iwebshop_admin WHERE admin_name = "luyaran" limit 1	
2016-10-07 16:50:15	SELECT * FROM iwebshop_admin WHERE admin_name='luyaran' and is_del = 0 limit 1	
2016-10-07 16:50:15	SELECT * FROM iwebshop_admin WHERE admin_name='luyaran' and is_del = 0 limit 1	
2016-10-07 16:50:15	SELECT * FROM iwebshop_member limit 50000	
2016-10-07 16:50:15	SELECT * FROM iwebshop_admin WHERE admin_name = "luyaran" limit 1	
2016-10-07 16:50:27	SELECT * FROM iwebshop_admin WHERE admin_name='luyaran' and is_del = 0 limit 1	
2016-10-07 16:50:27	SELECT * FROM iwebshop_admin WHERE admin_name='luyaran' and is_del = 0 limit 1	
2016-10-07 16:50:27	SELECT * FROM iwebshop_member limit 50000	
2016-10-07 16:50:27	SELECT * FROM iwebshop_admin WHERE admin_name = "luyaran" limit 1	
2016-10-07 16:50:54	SELECT * FROM iwebshop_admin WHERE admin_name='luyaran' and is_del = 0 limit 1	
2016-10-07 16:50:54	SELECT * FROM iwebshop_admin WHERE admin_name='luyaran' and is_del = 0 limit 1	
2016-10-07 16:50:54	SELECT * FROM iwebshop_member limit 50000	
2016-10-07 16:50:54	SELECT * FROM iwebshop_admin WHERE admin_name = "luyaran" limit 1	
2016-10-07 16:51:10	SELECT * FROM iwebshop_admin WHERE admin_name='luyaran' and is_del = 0 limit 1	
2016-10-07 16:51:10	SELECT * FROM iwebshop_admin WHERE admin_name='luyaran' and is_del = 0 limit 1	
2016-10-07 16:51:10	SELECT * FROM iwebshop_member limit 50000	
2016-10-07 16:51:10	SELECT * FROM iwebshop_admin WHERE admin_name = "luyaran" limit 1	
2016-10-07 16:51:26	SELECT * FROM iwebshop_admin WHERE admin_name='luyaran' and is_del = 0 limit 1	
2016-10-07 16:51:26	SELECT * FROM iwebshop_admin WHERE admin_name='luyaran' and is_del = 0 limit 1	
2016-10-07 16:51:26	SELECT * FROM iwebshop_member limit 50000	
2016-10-07 16:51:26	SELECT * FROM iwebshop_admin WHERE admin_name = "luyaran" limit 1	
2016-10-07 16:51:47	SELECT * FROM iwebshop_admin WHERE admin_name='luyaran' and is_del = 0 limit 1	
2016-10-07 16:51:47	SELECT * FROM iwebshop_admin WHERE admin_name='luyaran' and is_del = 0 limit 1	
2016-10-07 16:51:47	SELECT * FROM iwebshop_member limit 50000	
2016-10-07 16:51:47	SELECT * FROM iwebshop_admin WHERE admin_name = "luyaran" limit 1	
2016-10-07 16:51:56	SELECT * FROM iwebshop_admin WHERE admin_name='luyaran' and is_del = 0 limit 1	
2016-10-07 16:51:56	SELECT * FROM iwebshop_admin WHERE admin_name='luyaran' and is_del = 0 limit 1	
2016-10-07 16:51:56	SELECT * FROM iwebshop_member limit 50000	
2016-10-07 16:51:56	SELECT * FROM iwebshop_admin WHERE admin_name = "luyaran" limit 1	
2016-10-07 16:52:20	SELECT * FROM iwebshop_admin WHERE admin_name='luyaran' and is_del = 0 limit 1	
2016-10-07 16:52:20	SELECT * FROM iwebshop_admin WHERE admin_name='luyaran' and is_del = 0 limit 1	
2016-10-07 16:52:20	SELECT * FROM iwebshop_member limit 50000	
2016-10-07 16:52:20	SELECT * FROM iwebshop_admin WHERE admin_name = "luyaran" limit 1	
2016-10-07 16:52:21	SELECT * FROM iwebshop_admin WHERE admin_name='luyaran' and is_del = 0 limit 1	
2016-10-07 16:52:21	SELECT * FROM iwebshop_admin WHERE admin_name='luyaran' and is_del = 0 limit 1	
2016-10-07 16:52:21	SELECT * FROM iwebshop_member limit 50000	
2016-10-07 16:52:21	SELECT * FROM iwebshop_admin WHERE admin_name = "luyaran" limit 1	
2016-10-07 16:52:22	SELECT * FROM iwebshop_admin WHERE admin_name='luyaran' and is_del = 0 limit 1	
2016-10-07 16:52:22	SELECT * FROM iwebshop_admin WHERE admin_name='luyaran' and is_del = 0 limit 1	
2016-10-07 16:52:22	SELECT * FROM iwebshop_member limit 50000	
2016-10-07 16:52:22	SELECT * FROM iwebshop_admin WHERE admin_name = "luyaran" limit 1	
2016-10-07 16:52:23	SELECT * FROM iwebshop_admin WHERE admin_name='luyaran' and is_del = 0 limit 1	
2016-10-07 16:52:23	SELECT * FROM iwebshop_admin WHERE admin_name='luyaran' and is_del = 0 limit 1	
2016-10-07 16:52:23	SELECT * FROM iwebshop_member limit 50000	
2016-10-07 16:52:23	SELECT * FROM iwebshop_admin WHERE admin_name = "luyaran" limit 1	
2016-10-07 16:52:23	SELECT * FROM iwebshop_admin WHERE admin_name='luyaran' and is_del = 0 limit 1	
2016-10-07 16:52:23	SELECT * FROM iwebshop_admin WHERE admin_name='luyaran' and is_del = 0 limit 1	
2016-10-07 16:52:23	SELECT * FROM iwebshop_member limit 50000	
2016-10-07 16:52:23	SELECT * FROM iwebshop_admin WHERE admin_name = "luyaran" limit 1	
2016-10-07 16:52:36	SELECT * FROM iwebshop_admin WHERE admin_name='luyaran' and is_del = 0 limit 1	
2016-10-07 16:52:36	SELECT * FROM iwebshop_admin WHERE admin_name='luyaran' and is_del = 0 limit 1	
2016-10-07 16:52:36	SELECT * FROM iwebshop_member limit 50000	
2016-10-07 16:52:36	SELECT * FROM iwebshop_admin WHERE admin_name = "luyaran" limit 1	
2016-10-07 16:52:47	SELECT * FROM iwebshop_admin WHERE admin_name='luyaran' and is_del = 0 limit 1	
2016-10-07 16:52:47	SELECT * FROM iwebshop_admin WHERE admin_name='luyaran' and is_del = 0 limit 1	
2016-10-07 16:52:47	SELECT * FROM iwebshop_member limit 50000	
2016-10-07 16:52:47	SELECT * FROM iwebshop_admin WHERE admin_name = "luyaran" limit 1	
2016-10-07 16:53:02	SELECT * FROM iwebshop_admin WHERE admin_name='luyaran' and is_del = 0 limit 1	
2016-10-07 16:53:02	SELECT * FROM iwebshop_admin WHERE admin_name='luyaran' and is_del = 0 limit 1	
2016-10-07 16:53:02	SELECT * FROM iwebshop_member limit 50000	
2016-10-07 16:53:02	SELECT * FROM iwebshop_admin WHERE admin_name = "luyaran" limit 1	
2016-10-07 16:53:05	SELECT * FROM iwebshop_admin WHERE admin_name='luyaran' and is_del = 0 limit 1	
2016-10-07 16:53:05	SELECT * FROM iwebshop_admin WHERE admin_name='luyaran' and is_del = 0 limit 1	
2016-10-07 16:53:05	SELECT * FROM iwebshop_member limit 50000	
2016-10-07 16:53:05	SELECT * FROM iwebshop_admin WHERE admin_name = "luyaran" limit 1	
2016-10-07 16:53:06	SELECT * FROM iwebshop_admin WHERE admin_name='luyaran' and is_del = 0 limit 1	
2016-10-07 16:53:06	SELECT * FROM iwebshop_admin WHERE admin_name='luyaran' and is_del = 0 limit 1	
2016-10-07 16:53:06	SELECT * FROM iwebshop_member limit 50000	
2016-10-07 16:53:06	SELECT * FROM iwebshop_admin WHERE admin_name = "luyaran" limit 1	
2016-10-07 16:56:16	SELECT * FROM iwebshop_admin WHERE admin_name='luyaran' and is_del = 0 limit 1	
2016-10-07 16:56:16	SELECT * FROM iwebshop_admin WHERE admin_name='luyaran' and is_del = 0 limit 1	
2016-10-07 16:56:16	SELECT * FROM iwebshop_admin WHERE admin_name = "luyaran" limit 1	
