2016-10-26 10:52:33	SELECT * FROM iwebshop_user as u,iwebshop_member as m WHERE (u.username = '' or u.email = '' or m.mobile='') and m.status = 1 and u.id = m.user_id limit 1	
2016-10-26 10:52:34	SELECT * FROM iwebshop_ad_position WHERE id=1 AND `status`=1 limit 1	
2016-10-26 10:52:34	SELECT * FROM iwebshop_ad_manage WHERE position_id=1 and goods_cat_id = 0 and start_time < '2016-10-26 10:52:34' AND end_time > '2016-10-26 10:52:34' ORDER BY `order` ASC  limit 50000	
2016-10-26 10:52:35	SELECT * FROM iwebshop_ad_position WHERE id=7 AND `status`=1 limit 1	
2016-10-26 10:52:35	SELECT * FROM iwebshop_ad_manage WHERE position_id=7 and goods_cat_id = 0 and start_time < '2016-10-26 10:52:35' AND end_time > '2016-10-26 10:52:35' ORDER BY `order` ASC  limit 50000	
2016-10-26 10:52:35	SELECT * FROM iwebshop_ad_position WHERE id=6 AND `status`=1 limit 1	
2016-10-26 10:52:35	SELECT * FROM iwebshop_ad_manage WHERE position_id=6 and goods_cat_id = 0 and start_time < '2016-10-26 10:52:35' AND end_time > '2016-10-26 10:52:35' ORDER BY `order` ASC  limit 50000	
2016-10-26 10:52:35	SELECT * FROM iwebshop_promotion WHERE `condition` between 0 and 999999999 and type = 0 and is_close = 0 and start_time <= "2016-10-26 10:52:35" and end_time >= "2016-10-26 10:52:35" and seller_id = 0 and award_type in (3,4,5,6,7) and user_group = "all"  ORDER BY `condition` DESC  limit 50000	
2016-10-26 10:52:35	SELECT * FROM iwebshop_promotion WHERE `condition` between 0 and 999999999 and type = 0 and is_close = 0 and start_time <= "2016-10-26 10:52:35" and end_time >= "2016-10-26 10:52:35" and seller_id = 0 and award_type in (1,2) and user_group = "all"  ORDER BY `condition` DESC  limit 50000	
2016-10-26 10:52:38	SELECT * FROM iwebshop_user as u,iwebshop_member as m WHERE (u.username = '' or u.email = '' or m.mobile='') and m.status = 1 and u.id = m.user_id limit 1	
2016-10-26 10:52:52	SELECT * FROM iwebshop_admin WHERE admin_name = "luyaran" limit 1	
2016-10-26 10:52:53	SELECT * FROM iwebshop_admin WHERE admin_name='luyaran' and is_del = 0 limit 1	
2016-10-26 10:52:53	SELECT * FROM iwebshop_admin WHERE admin_name='luyaran' and is_del = 0 limit 1	
2016-10-26 10:52:53	SELECT count(*) as num FROM iwebshop_goods WHERE is_del != 1 limit 1	
2016-10-26 10:52:53	SELECT count(*) as num FROM iwebshop_comment as co,iwebshop_goods as go WHERE co.status = 1 and co.goods_id = go.id and co.recomment_time<=0 limit 1	
2016-10-26 10:52:54	SELECT count(*) as num FROM iwebshop_refer as re,iwebshop_goods as go WHERE re.goods_id = go.id and re.status = 0 limit 1	
2016-10-26 10:52:54	SELECT * FROM iwebshop_admin WHERE admin_name = "luyaran" limit 1	
2016-10-26 10:52:56	SELECT * FROM iwebshop_admin WHERE admin_name='luyaran' and is_del = 0 limit 1	
2016-10-26 10:52:56	SELECT * FROM iwebshop_admin WHERE admin_name='luyaran' and is_del = 0 limit 1	
2016-10-26 10:52:56	SELECT * FROM iwebshop_admin WHERE admin_name = "luyaran" limit 1	
2016-10-26 10:52:58	SELECT * FROM iwebshop_admin WHERE admin_name='luyaran' and is_del = 0 limit 1	
2016-10-26 10:52:58	SELECT * FROM iwebshop_admin WHERE admin_name='luyaran' and is_del = 0 limit 1	
2016-10-26 10:52:58	SELECT * FROM iwebshop_admin WHERE admin_name = "luyaran" limit 1	
2016-10-26 10:53:35	SELECT * FROM iwebshop_admin WHERE admin_name='luyaran' and is_del = 0 limit 1	
2016-10-26 10:53:35	SELECT * FROM iwebshop_admin WHERE admin_name='luyaran' and is_del = 0 limit 1	
2016-10-26 10:55:25	SELECT * FROM iwebshop_admin WHERE admin_name='luyaran' and is_del = 0 limit 1	
2016-10-26 10:55:25	SELECT * FROM iwebshop_admin WHERE admin_name='luyaran' and is_del = 0 limit 1	
2016-10-26 10:56:23	SELECT * FROM iwebshop_admin WHERE admin_name='luyaran' and is_del = 0 limit 1	
2016-10-26 10:56:23	SELECT * FROM iwebshop_admin WHERE admin_name='luyaran' and is_del = 0 limit 1	
2016-10-26 10:56:39	SELECT * FROM iwebshop_admin WHERE admin_name='luyaran' and is_del = 0 limit 1	
2016-10-26 10:56:39	SELECT * FROM iwebshop_admin WHERE admin_name='luyaran' and is_del = 0 limit 1	
2016-10-26 10:58:22	SELECT * FROM iwebshop_admin WHERE admin_name='luyaran' and is_del = 0 limit 1	
2016-10-26 10:58:22	SELECT * FROM iwebshop_admin WHERE admin_name='luyaran' and is_del = 0 limit 1	
2016-10-26 10:58:25	SELECT * FROM iwebshop_admin WHERE admin_name='luyaran' and is_del = 0 limit 1	
2016-10-26 10:58:25	SELECT * FROM iwebshop_admin WHERE admin_name='luyaran' and is_del = 0 limit 1	
2016-10-26 10:59:06	SELECT * FROM iwebshop_admin WHERE admin_name='luyaran' and is_del = 0 limit 1	
2016-10-26 10:59:06	SELECT * FROM iwebshop_admin WHERE admin_name='luyaran' and is_del = 0 limit 1	
2016-10-26 10:59:07	SELECT * FROM iwebshop_admin WHERE admin_name='luyaran' and is_del = 0 limit 1	
2016-10-26 10:59:07	SELECT * FROM iwebshop_admin WHERE admin_name='luyaran' and is_del = 0 limit 1	
2016-10-26 10:59:08	SELECT * FROM iwebshop_admin WHERE admin_name='luyaran' and is_del = 0 limit 1	
2016-10-26 10:59:08	SELECT * FROM iwebshop_admin WHERE admin_name='luyaran' and is_del = 0 limit 1	
2016-10-26 10:59:09	SELECT * FROM iwebshop_admin WHERE admin_name='luyaran' and is_del = 0 limit 1	
2016-10-26 10:59:09	SELECT * FROM iwebshop_admin WHERE admin_name='luyaran' and is_del = 0 limit 1	
2016-10-26 10:59:10	SELECT * FROM iwebshop_admin WHERE admin_name='luyaran' and is_del = 0 limit 1	
2016-10-26 10:59:10	SELECT * FROM iwebshop_admin WHERE admin_name='luyaran' and is_del = 0 limit 1	
2016-10-26 10:59:18	SELECT * FROM iwebshop_admin WHERE admin_name='luyaran' and is_del = 0 limit 1	
2016-10-26 10:59:18	SELECT * FROM iwebshop_admin WHERE admin_name='luyaran' and is_del = 0 limit 1	
2016-10-26 10:59:50	SELECT * FROM iwebshop_admin WHERE admin_name='luyaran' and is_del = 0 limit 1	
2016-10-26 10:59:50	SELECT * FROM iwebshop_admin WHERE admin_name='luyaran' and is_del = 0 limit 1	
2016-10-26 10:59:52	SELECT * FROM iwebshop_admin WHERE admin_name='luyaran' and is_del = 0 limit 1	
2016-10-26 10:59:52	SELECT * FROM iwebshop_admin WHERE admin_name='luyaran' and is_del = 0 limit 1	
2016-10-26 11:00:00	SELECT * FROM iwebshop_admin WHERE admin_name='luyaran' and is_del = 0 limit 1	
2016-10-26 11:00:00	SELECT * FROM iwebshop_admin WHERE admin_name='luyaran' and is_del = 0 limit 1	
2016-10-26 11:00:58	SELECT * FROM iwebshop_admin WHERE admin_name='luyaran' and is_del = 0 limit 1	
2016-10-26 11:00:58	SELECT * FROM iwebshop_admin WHERE admin_name='luyaran' and is_del = 0 limit 1	
2016-10-26 11:00:59	SELECT * FROM iwebshop_admin WHERE admin_name='luyaran' and is_del = 0 limit 1	
2016-10-26 11:00:59	SELECT * FROM iwebshop_admin WHERE admin_name='luyaran' and is_del = 0 limit 1	
2016-10-26 11:01:00	SELECT * FROM iwebshop_admin WHERE admin_name='luyaran' and is_del = 0 limit 1	
2016-10-26 11:01:00	SELECT * FROM iwebshop_admin WHERE admin_name='luyaran' and is_del = 0 limit 1	
2016-10-26 11:02:24	SELECT * FROM iwebshop_admin WHERE admin_name='luyaran' and is_del = 0 limit 1	
2016-10-26 11:02:24	SELECT * FROM iwebshop_admin WHERE admin_name='luyaran' and is_del = 0 limit 1	
2016-10-26 11:05:09	SELECT * FROM iwebshop_admin WHERE admin_name='luyaran' and is_del = 0 limit 1	
2016-10-26 11:05:09	SELECT * FROM iwebshop_admin WHERE admin_name='luyaran' and is_del = 0 limit 1	
2016-10-26 11:05:37	SELECT * FROM iwebshop_admin WHERE admin_name='luyaran' and is_del = 0 limit 1	
2016-10-26 11:05:37	SELECT * FROM iwebshop_admin WHERE admin_name='luyaran' and is_del = 0 limit 1	
2016-10-26 11:05:37	SELECT * FROM iwebshop_admin WHERE admin_name = "luyaran" limit 1	
2016-10-26 11:05:38	SELECT * FROM iwebshop_admin WHERE admin_name='luyaran' and is_del = 0 limit 1	
2016-10-26 11:05:38	SELECT * FROM iwebshop_admin WHERE admin_name='luyaran' and is_del = 0 limit 1	
2016-10-26 11:35:53	SELECT * FROM iwebshop_user as u,iwebshop_member as m WHERE (u.username = '' or u.email = '' or m.mobile='') and m.status = 1 and u.id = m.user_id limit 1	
2016-10-26 11:35:53	SELECT * FROM iwebshop_ad_position WHERE id=1 AND `status`=1 limit 1	
2016-10-26 11:35:53	SELECT * FROM iwebshop_ad_manage WHERE position_id=1 and goods_cat_id = 0 and start_time < '2016-10-26 11:35:53' AND end_time > '2016-10-26 11:35:53' ORDER BY `order` ASC  limit 50000	
2016-10-26 11:35:53	SELECT * FROM iwebshop_ad_position WHERE id=7 AND `status`=1 limit 1	
2016-10-26 11:35:53	SELECT * FROM iwebshop_ad_manage WHERE position_id=7 and goods_cat_id = 0 and start_time < '2016-10-26 11:35:53' AND end_time > '2016-10-26 11:35:53' ORDER BY `order` ASC  limit 50000	
2016-10-26 11:35:53	SELECT * FROM iwebshop_ad_position WHERE id=6 AND `status`=1 limit 1	
2016-10-26 11:35:53	SELECT * FROM iwebshop_ad_manage WHERE position_id=6 and goods_cat_id = 0 and start_time < '2016-10-26 11:35:53' AND end_time > '2016-10-26 11:35:53' ORDER BY `order` ASC  limit 50000	
2016-10-26 11:35:53	SELECT * FROM iwebshop_promotion WHERE `condition` between 0 and 999999999 and type = 0 and is_close = 0 and start_time <= "2016-10-26 11:35:53" and end_time >= "2016-10-26 11:35:53" and seller_id = 0 and award_type in (3,4,5,6,7) and user_group = "all"  ORDER BY `condition` DESC  limit 50000	
2016-10-26 11:35:53	SELECT * FROM iwebshop_promotion WHERE `condition` between 0 and 999999999 and type = 0 and is_close = 0 and start_time <= "2016-10-26 11:35:53" and end_time >= "2016-10-26 11:35:53" and seller_id = 0 and award_type in (1,2) and user_group = "all"  ORDER BY `condition` DESC  limit 50000	
2016-10-26 11:36:00	SELECT * FROM iwebshop_user as u,iwebshop_member as m WHERE (u.username = '' or u.email = '' or m.mobile='') and m.status = 1 and u.id = m.user_id limit 1	
2016-10-26 11:36:00	SELECT * FROM iwebshop_goods WHERE id=7 AND is_del=0 limit 1	
2016-10-26 11:36:00	SELECT * FROM iwebshop_brand WHERE id=1 limit 1	
2016-10-26 11:36:00	SELECT * FROM iwebshop_seller WHERE id=2 limit 1	
2016-10-26 11:36:00	SELECT c.id,c.name FROM iwebshop_category_extend as ca,iwebshop_category as c WHERE ca.goods_id = 7 and ca.category_id = c.id limit 1	
2016-10-26 11:36:00	SELECT count(*) as totalNum FROM iwebshop_refer WHERE goods_id=7 limit 1	
2016-10-26 11:36:00	SELECT count(*) as totalNum FROM iwebshop_discussion WHERE goods_id=7 limit 1	
2016-10-26 11:36:00	SELECT max(sell_price) as maxSellPrice ,min(sell_price) as minSellPrice,max(market_price) as maxMarketPrice,min(market_price) as minMarketPrice FROM iwebshop_products WHERE goods_id=7 limit 1	
2016-10-26 11:36:00	SELECT * FROM iwebshop_seller WHERE id = 2 limit 1	
2016-10-26 11:36:00	SELECT * FROM iwebshop_ad_position WHERE id=1 AND `status`=1 limit 1	
2016-10-26 11:36:00	SELECT * FROM iwebshop_ad_manage WHERE position_id=1 and goods_cat_id = 0 and start_time < '2016-10-26 11:36:00' AND end_time > '2016-10-26 11:36:00' ORDER BY `order` ASC  limit 50000	
2016-10-26 11:36:00	SELECT * FROM iwebshop_category WHERE id = '0' limit 1	
2016-10-26 11:36:01	SELECT * FROM iwebshop_areas WHERE area_id in (420000,422800,422802) limit 50000	
2016-10-26 11:36:01	SELECT * FROM iwebshop_promotion WHERE `condition` between 0 and 999999999 and type = 0 and is_close = 0 and start_time <= "2016-10-26 11:36:01" and end_time >= "2016-10-26 11:36:01" and seller_id = 2 and award_type in (3,4,5,6,7) and user_group = "all"  ORDER BY `condition` DESC  limit 50000	
2016-10-26 11:36:01	SELECT * FROM iwebshop_promotion WHERE `condition` between 0 and 999999999 and type = 0 and is_close = 0 and start_time <= "2016-10-26 11:36:01" and end_time >= "2016-10-26 11:36:01" and seller_id = 2 and award_type in (1,2) and user_group = "all"  ORDER BY `condition` DESC  limit 50000	
2016-10-26 11:36:01	SELECT * FROM iwebshop_user as u,iwebshop_member as m WHERE (u.username = '' or u.email = '' or m.mobile='') and m.status = 1 and u.id = m.user_id limit 1	
2016-10-26 11:36:02	SELECT * FROM iwebshop_user as u,iwebshop_member as m WHERE (u.username = '' or u.email = '' or m.mobile='') and m.status = 1 and u.id = m.user_id limit 1	
2016-10-26 11:36:03	SELECT * FROM iwebshop_ad_position WHERE id=1 AND `status`=1 limit 1	
2016-10-26 11:36:03	SELECT * FROM iwebshop_ad_manage WHERE position_id=1 and goods_cat_id = 0 and start_time < '2016-10-26 11:36:03' AND end_time > '2016-10-26 11:36:03' ORDER BY `order` ASC  limit 50000	
2016-10-26 11:56:37	SELECT * FROM iwebshop_user as u,iwebshop_member as m WHERE (u.username = '' or u.email = '' or m.mobile='') and m.status = 1 and u.id = m.user_id limit 1	
2016-10-26 11:56:53	SELECT * FROM iwebshop_user as u,iwebshop_member as m WHERE (u.username = '' or u.email = '' or m.mobile='') and m.status = 1 and u.id = m.user_id limit 1	
2016-10-26 11:57:12	SELECT * FROM iwebshop_admin WHERE admin_name = "luyaran" limit 1	
2016-10-26 11:57:12	SELECT * FROM iwebshop_admin WHERE admin_name='luyaran' and is_del = 0 limit 1	
2016-10-26 11:57:12	SELECT * FROM iwebshop_admin WHERE admin_name='luyaran' and is_del = 0 limit 1	
2016-10-26 11:57:13	SELECT count(*) as num FROM iwebshop_goods WHERE is_del != 1 limit 1	
2016-10-26 11:57:13	SELECT count(*) as num FROM iwebshop_comment as co,iwebshop_goods as go WHERE co.status = 1 and co.goods_id = go.id and co.recomment_time<=0 limit 1	
2016-10-26 11:57:13	SELECT count(*) as num FROM iwebshop_refer as re,iwebshop_goods as go WHERE re.goods_id = go.id and re.status = 0 limit 1	
2016-10-26 11:57:13	SELECT * FROM iwebshop_admin WHERE admin_name = "luyaran" limit 1	
2016-10-26 11:57:15	SELECT * FROM iwebshop_admin WHERE admin_name='luyaran' and is_del = 0 limit 1	
2016-10-26 11:57:15	SELECT * FROM iwebshop_admin WHERE admin_name='luyaran' and is_del = 0 limit 1	
2016-10-26 11:57:15	SELECT * FROM iwebshop_admin WHERE admin_name = "luyaran" limit 1	
2016-10-26 11:57:21	SELECT * FROM iwebshop_user as u,iwebshop_member as m WHERE (u.username = '' or u.email = '' or m.mobile='') and m.status = 1 and u.id = m.user_id limit 1	
2016-10-26 11:57:21	SELECT * FROM iwebshop_goods WHERE id=9 AND is_del=0 limit 1	
2016-10-26 11:57:21	SELECT * FROM iwebshop_brand WHERE id=1 limit 1	
2016-10-26 11:57:21	SELECT * FROM iwebshop_seller WHERE id=1 limit 1	
2016-10-26 11:57:21	SELECT c.id,c.name FROM iwebshop_category_extend as ca,iwebshop_category as c WHERE ca.goods_id = 9 and ca.category_id = c.id limit 1	
2016-10-26 11:57:21	SELECT count(*) as totalNum FROM iwebshop_refer WHERE goods_id=9 limit 1	
2016-10-26 11:57:21	SELECT count(*) as totalNum FROM iwebshop_discussion WHERE goods_id=9 limit 1	
2016-10-26 11:57:21	SELECT max(sell_price) as maxSellPrice ,min(sell_price) as minSellPrice,max(market_price) as maxMarketPrice,min(market_price) as minMarketPrice FROM iwebshop_products WHERE goods_id=9 limit 1	
2016-10-26 11:57:21	SELECT * FROM iwebshop_seller WHERE id = 1 limit 1	
2016-10-26 11:57:21	SELECT * FROM iwebshop_ad_position WHERE id=1 AND `status`=1 limit 1	
2016-10-26 11:57:21	SELECT * FROM iwebshop_ad_manage WHERE position_id=1 and goods_cat_id = 0 and start_time < '2016-10-26 11:57:21' AND end_time > '2016-10-26 11:57:21' ORDER BY `order` ASC  limit 50000	
2016-10-26 11:57:21	SELECT * FROM iwebshop_category WHERE id = '0' limit 1	
2016-10-26 11:57:21	SELECT * FROM iwebshop_areas WHERE area_id in (110000,110100,110108) limit 50000	
2016-10-26 11:57:21	SELECT * FROM iwebshop_promotion WHERE `condition` between 0 and 999999999 and type = 0 and is_close = 0 and start_time <= "2016-10-26 11:57:21" and end_time >= "2016-10-26 11:57:21" and seller_id = 1 and award_type in (3,4,5,6,7) and user_group = "all"  ORDER BY `condition` DESC  limit 50000	
2016-10-26 11:57:21	SELECT * FROM iwebshop_promotion WHERE `condition` between 0 and 999999999 and type = 0 and is_close = 0 and start_time <= "2016-10-26 11:57:21" and end_time >= "2016-10-26 11:57:21" and seller_id = 1 and award_type in (1,2) and user_group = "all"  ORDER BY `condition` DESC  limit 50000	
2016-10-26 11:57:22	SELECT * FROM iwebshop_user as u,iwebshop_member as m WHERE (u.username = '' or u.email = '' or m.mobile='') and m.status = 1 and u.id = m.user_id limit 1	
2016-10-26 11:58:13	SELECT * FROM iwebshop_user as u,iwebshop_member as m WHERE (u.username = '' or u.email = '' or m.mobile='') and m.status = 1 and u.id = m.user_id limit 1	
2016-10-26 11:58:13	SELECT * FROM iwebshop_goods WHERE id=6 AND is_del=0 limit 1	
2016-10-26 11:58:13	SELECT * FROM iwebshop_brand WHERE id=1 limit 1	
2016-10-26 11:58:13	SELECT * FROM iwebshop_seller WHERE id=2 limit 1	
2016-10-26 11:58:13	SELECT c.id,c.name FROM iwebshop_category_extend as ca,iwebshop_category as c WHERE ca.goods_id = 6 and ca.category_id = c.id limit 1	
2016-10-26 11:58:13	SELECT count(*) as totalNum FROM iwebshop_refer WHERE goods_id=6 limit 1	
2016-10-26 11:58:13	SELECT count(*) as totalNum FROM iwebshop_discussion WHERE goods_id=6 limit 1	
2016-10-26 11:58:13	SELECT max(sell_price) as maxSellPrice ,min(sell_price) as minSellPrice,max(market_price) as maxMarketPrice,min(market_price) as minMarketPrice FROM iwebshop_products WHERE goods_id=6 limit 1	
2016-10-26 11:58:13	SELECT * FROM iwebshop_seller WHERE id = 2 limit 1	
2016-10-26 11:58:13	SELECT * FROM iwebshop_ad_position WHERE id=1 AND `status`=1 limit 1	
2016-10-26 11:58:13	SELECT * FROM iwebshop_ad_manage WHERE position_id=1 and goods_cat_id = 0 and start_time < '2016-10-26 11:58:13' AND end_time > '2016-10-26 11:58:13' ORDER BY `order` ASC  limit 50000	
2016-10-26 11:58:13	SELECT * FROM iwebshop_category WHERE id = '0' limit 1	
2016-10-26 11:58:13	SELECT * FROM iwebshop_areas WHERE area_id in (420000,422800,422802) limit 50000	
2016-10-26 11:58:13	SELECT * FROM iwebshop_promotion WHERE `condition` between 0 and 999999999 and type = 0 and is_close = 0 and start_time <= "2016-10-26 11:58:13" and end_time >= "2016-10-26 11:58:13" and seller_id = 2 and award_type in (3,4,5,6,7) and user_group = "all"  ORDER BY `condition` DESC  limit 50000	
2016-10-26 11:58:13	SELECT * FROM iwebshop_promotion WHERE `condition` between 0 and 999999999 and type = 0 and is_close = 0 and start_time <= "2016-10-26 11:58:13" and end_time >= "2016-10-26 11:58:13" and seller_id = 2 and award_type in (1,2) and user_group = "all"  ORDER BY `condition` DESC  limit 50000	
2016-10-26 11:58:14	SELECT * FROM iwebshop_user as u,iwebshop_member as m WHERE (u.username = '' or u.email = '' or m.mobile='') and m.status = 1 and u.id = m.user_id limit 1	
2016-10-26 11:58:14	SELECT * FROM iwebshop_user as u,iwebshop_member as m WHERE (u.username = '' or u.email = '' or m.mobile='') and m.status = 1 and u.id = m.user_id limit 1	
2016-10-26 11:58:14	SELECT * FROM iwebshop_ad_position WHERE id=1 AND `status`=1 limit 1	
2016-10-26 11:58:14	SELECT * FROM iwebshop_ad_manage WHERE position_id=1 and goods_cat_id = 0 and start_time < '2016-10-26 11:58:14' AND end_time > '2016-10-26 11:58:14' ORDER BY `order` ASC  limit 50000	
