<ERROR_BLOCK>
errorInfo: Undefined index: model_id
errorFile: IWEB_PATH/classes/goods_class.php
errorLine: 179
errorCode: 8
errorTime: 2016-10-12 10:42:05
#0 IWEB_PATH/controllers/goods.php(249): goods_class->update(0)
#1 IWEB_PATH/lib/web/action/inline_action.php(24): Goods->goods_update()
#2 IWEB_PATH/lib/web/controller/controller_class.php(137): IInlineAction->run()
#3 IWEB_PATH/lib/core/webapplication_class.php(29): IController->run()
#4 IWEB_PATH/lib/core/application_class.php(108): IWebApplication->execRequest()
#5 IWEB_PATH/index.php(5): IApplication->run()
</ERROR_BLOCK>

<ERROR_BLOCK>
errorInfo: Undefined offset: 98
errorFile: IWEB_PATH/classes/goods_class.php
errorLine: 209
errorCode: 8
errorTime: 2016-10-12 10:42:05
#0 IWEB_PATH/controllers/goods.php(249): goods_class->update(0)
#1 IWEB_PATH/lib/web/action/inline_action.php(24): Goods->goods_update()
#2 IWEB_PATH/lib/web/controller/controller_class.php(137): IInlineAction->run()
#3 IWEB_PATH/lib/core/webapplication_class.php(29): IController->run()
#4 IWEB_PATH/lib/core/application_class.php(108): IWebApplication->execRequest()
#5 IWEB_PATH/index.php(5): IApplication->run()
</ERROR_BLOCK>

<ERROR_BLOCK>
errorInfo: Undefined offset: 98
errorFile: IWEB_PATH/classes/goods_class.php
errorLine: 210
errorCode: 8
errorTime: 2016-10-12 10:42:05
#0 IWEB_PATH/controllers/goods.php(249): goods_class->update(0)
#1 IWEB_PATH/lib/web/action/inline_action.php(24): Goods->goods_update()
#2 IWEB_PATH/lib/web/controller/controller_class.php(137): IInlineAction->run()
#3 IWEB_PATH/lib/core/webapplication_class.php(29): IController->run()
#4 IWEB_PATH/lib/core/application_class.php(108): IWebApplication->execRequest()
#5 IWEB_PATH/index.php(5): IApplication->run()
</ERROR_BLOCK>

<ERROR_BLOCK>
errorInfo: Undefined offset: 98
errorFile: IWEB_PATH/classes/goods_class.php
errorLine: 211
errorCode: 8
errorTime: 2016-10-12 10:42:05
#0 IWEB_PATH/controllers/goods.php(249): goods_class->update(0)
#1 IWEB_PATH/lib/web/action/inline_action.php(24): Goods->goods_update()
#2 IWEB_PATH/lib/web/controller/controller_class.php(137): IInlineAction->run()
#3 IWEB_PATH/lib/core/webapplication_class.php(29): IController->run()
#4 IWEB_PATH/lib/core/application_class.php(108): IWebApplication->execRequest()
#5 IWEB_PATH/index.php(5): IApplication->run()
</ERROR_BLOCK>

<ERROR_BLOCK>
errorInfo: Array to string conversion
errorFile: IWEB_PATH/lib/log/filelog_class.php
errorLine: 46
errorCode: 8
errorTime: 2016-10-12 11:39:00
#0 IWEB_PATH/lib/log/filelog_class.php(46): join(	)
#1 IWEB_PATH/classes/log.php(49): IFileLog->write()
#2 IWEB_PATH/classes/order_class.php(141): Log->write(sms)
#3 IWEB_PATH/controllers/ucenter.php(955): Order_Class::updateOrderStatus(20161012113856138397)
#4 IWEB_PATH/lib/web/action/inline_action.php(24): Ucenter->payment_balance()
#5 IWEB_PATH/lib/web/controller/controller_class.php(137): IInlineAction->run()
#6 IWEB_PATH/lib/core/webapplication_class.php(29): IController->run()
#7 IWEB_PATH/lib/core/application_class.php(108): IWebApplication->execRequest()
#8 IWEB_PATH/index.php(5): IApplication->run()
</ERROR_BLOCK>

<ERROR_BLOCK>
errorInfo: Undefined index: exp
errorFile: IWEB_PATH/classes/order_class.php
errorLine: 135
errorCode: 8
errorTime: 2016-10-12 12:00:32
#0 IWEB_PATH/controllers/ucenter.php(955): Order_Class::updateOrderStatus(20161012120029942816)
#1 IWEB_PATH/lib/web/action/inline_action.php(24): Ucenter->payment_balance()
#2 IWEB_PATH/lib/web/controller/controller_class.php(137): IInlineAction->run()
#3 IWEB_PATH/lib/core/webapplication_class.php(29): IController->run()
#4 IWEB_PATH/lib/core/application_class.php(108): IWebApplication->execRequest()
#5 IWEB_PATH/index.php(5): IApplication->run()
</ERROR_BLOCK>

