<ERROR_BLOCK>
errorInfo: mysqli::mysqli() [<a href='mysqli.mysqli'>mysqli.mysqli</a>]: [2002] 由于目标计算机积极拒绝，无法连接。
 (trying to connect via tcp://localhost:3306)
errorFile: IWEB_PATH/lib/db/driver/mysqli_class.php
errorLine: 30
errorCode: 2
errorTime: 2016-10-21 08:57:56
#0 IWEB_PATH/lib/db/driver/mysqli_class.php(30): mysqli->mysqli(localhost,root,root,iwebshop,3306)
#1 IWEB_PATH/lib/db/db_class.php(57): IMysqli->connect()
#2 IWEB_PATH/lib/web/model/model_class.php(188): IDB->query(SELECT * FROM iwebshop_seller WHERE seller_name = 'qwe' and is_del = 0 and is_lock = 0 limit 1)
#3 IWEB_PATH/lib/web/model/model_class.php(134): IModel->query(seller_name = 'qwe' and is_del = 0 and is_lock = 0,*,,,1)
#4 IWEB_PATH/classes/checkrights.php(322): IModel->getObj(seller_name = 'qwe' and is_del = 0 and is_lock = 0)
#5 IWEB_PATH/classes/checkrights.php(85): CheckRights::isValidSeller(qwe,76d80224611fc919a5d54f0ff9fba446)
#6 IWEB_PATH/classes/checkrights.php(177): CheckRights::getSeller()
#7 IWEB_PATH/classes/checkrights.php(136): CheckRights::checkSellerRights()
#8 : CheckRights::onCreateAction()
#9 IWEB_PATH/lib/core/interceptor_class.php(106): call_user_func()
#10 IWEB_PATH/lib/web/controller/controller_class.php(136): IInterceptor::run(onCreateAction)
#11 IWEB_PATH/lib/core/webapplication_class.php(29): IController->run()
#12 IWEB_PATH/lib/core/application_class.php(108): IWebApplication->execRequest()
#13 IWEB_PATH/index.php(5): IApplication->run()
</ERROR_BLOCK>

<ERROR_BLOCK>
errorInfo: mysqli::mysqli() [<a href='mysqli.mysqli'>mysqli.mysqli</a>]: (HY000/2002): 由于目标计算机积极拒绝，无法连接。

errorFile: IWEB_PATH/lib/db/driver/mysqli_class.php
errorLine: 30
errorCode: 2
errorTime: 2016-10-21 08:57:56
#0 IWEB_PATH/lib/db/driver/mysqli_class.php(30): mysqli->mysqli(localhost,root,root,iwebshop,3306)
#1 IWEB_PATH/lib/db/db_class.php(57): IMysqli->connect()
#2 IWEB_PATH/lib/web/model/model_class.php(188): IDB->query(SELECT * FROM iwebshop_seller WHERE seller_name = 'qwe' and is_del = 0 and is_lock = 0 limit 1)
#3 IWEB_PATH/lib/web/model/model_class.php(134): IModel->query(seller_name = 'qwe' and is_del = 0 and is_lock = 0,*,,,1)
#4 IWEB_PATH/classes/checkrights.php(322): IModel->getObj(seller_name = 'qwe' and is_del = 0 and is_lock = 0)
#5 IWEB_PATH/classes/checkrights.php(85): CheckRights::isValidSeller(qwe,76d80224611fc919a5d54f0ff9fba446)
#6 IWEB_PATH/classes/checkrights.php(177): CheckRights::getSeller()
#7 IWEB_PATH/classes/checkrights.php(136): CheckRights::checkSellerRights()
#8 : CheckRights::onCreateAction()
#9 IWEB_PATH/lib/core/interceptor_class.php(106): call_user_func()
#10 IWEB_PATH/lib/web/controller/controller_class.php(136): IInterceptor::run(onCreateAction)
#11 IWEB_PATH/lib/core/webapplication_class.php(29): IController->run()
#12 IWEB_PATH/lib/core/application_class.php(108): IWebApplication->execRequest()
#13 IWEB_PATH/index.php(5): IApplication->run()
</ERROR_BLOCK>

<ERROR_BLOCK>
excepInfo: 由于目标计算机积极拒绝，无法连接。

excepFile: IWEB_PATH/lib/db/driver/mysqli_class.php
excepLine: 33
excepCode: 1000
excepTime: 2016-10-21 08:57:56
#0 IWEB_PATH/lib/db/db_class.php(57): IMysqli->connect()
#1 IWEB_PATH/lib/web/model/model_class.php(188): IDB->query(SELECT * FROM iwebshop_seller WHERE seller_name = 'qwe' and is_del = 0 and is_lock = 0 limit 1)
#2 IWEB_PATH/lib/web/model/model_class.php(134): IModel->query(seller_name = 'qwe' and is_del = 0 and is_lock = 0,*,,,1)
#3 IWEB_PATH/classes/checkrights.php(322): IModel->getObj(seller_name = 'qwe' and is_del = 0 and is_lock = 0)
#4 IWEB_PATH/classes/checkrights.php(85): CheckRights::isValidSeller(qwe,76d80224611fc919a5d54f0ff9fba446)
#5 IWEB_PATH/classes/checkrights.php(177): CheckRights::getSeller()
#6 IWEB_PATH/classes/checkrights.php(136): CheckRights::checkSellerRights()
#7 : CheckRights::onCreateAction()
#8 IWEB_PATH/lib/core/interceptor_class.php(106): call_user_func()
#9 IWEB_PATH/lib/web/controller/controller_class.php(136): IInterceptor::run(onCreateAction)
#10 IWEB_PATH/lib/core/webapplication_class.php(29): IController->run()
#11 IWEB_PATH/lib/core/application_class.php(108): IWebApplication->execRequest()
#12 IWEB_PATH/index.php(5): IApplication->run()
</ERROR_BLOCK>

<ERROR_BLOCK>
errorInfo: mysqli::mysqli() [<a href='mysqli.mysqli'>mysqli.mysqli</a>]: [2002] 由于目标计算机积极拒绝，无法连接。
 (trying to connect via tcp://localhost:3306)
errorFile: IWEB_PATH/lib/db/driver/mysqli_class.php
errorLine: 30
errorCode: 2
errorTime: 2016-10-21 08:58:00
#0 IWEB_PATH/lib/db/driver/mysqli_class.php(30): mysqli->mysqli(localhost,root,root,iwebshop,3306)
#1 IWEB_PATH/lib/db/db_class.php(57): IMysqli->connect()
#2 IWEB_PATH/lib/web/model/model_class.php(188): IDB->query(SELECT * FROM iwebshop_seller WHERE seller_name = 'qwe' and is_del = 0 and is_lock = 0 limit 1)
#3 IWEB_PATH/lib/web/model/model_class.php(134): IModel->query(seller_name = 'qwe' and is_del = 0 and is_lock = 0,*,,,1)
#4 IWEB_PATH/classes/checkrights.php(322): IModel->getObj(seller_name = 'qwe' and is_del = 0 and is_lock = 0)
#5 IWEB_PATH/classes/checkrights.php(85): CheckRights::isValidSeller(qwe,76d80224611fc919a5d54f0ff9fba446)
#6 IWEB_PATH/classes/checkrights.php(177): CheckRights::getSeller()
#7 IWEB_PATH/classes/checkrights.php(136): CheckRights::checkSellerRights()
#8 : CheckRights::onCreateAction()
#9 IWEB_PATH/lib/core/interceptor_class.php(106): call_user_func()
#10 IWEB_PATH/lib/web/controller/controller_class.php(136): IInterceptor::run(onCreateAction)
#11 IWEB_PATH/lib/core/webapplication_class.php(29): IController->run()
#12 IWEB_PATH/lib/core/application_class.php(108): IWebApplication->execRequest()
#13 IWEB_PATH/index.php(5): IApplication->run()
</ERROR_BLOCK>

<ERROR_BLOCK>
errorInfo: mysqli::mysqli() [<a href='mysqli.mysqli'>mysqli.mysqli</a>]: (HY000/2002): 由于目标计算机积极拒绝，无法连接。

errorFile: IWEB_PATH/lib/db/driver/mysqli_class.php
errorLine: 30
errorCode: 2
errorTime: 2016-10-21 08:58:00
#0 IWEB_PATH/lib/db/driver/mysqli_class.php(30): mysqli->mysqli(localhost,root,root,iwebshop,3306)
#1 IWEB_PATH/lib/db/db_class.php(57): IMysqli->connect()
#2 IWEB_PATH/lib/web/model/model_class.php(188): IDB->query(SELECT * FROM iwebshop_seller WHERE seller_name = 'qwe' and is_del = 0 and is_lock = 0 limit 1)
#3 IWEB_PATH/lib/web/model/model_class.php(134): IModel->query(seller_name = 'qwe' and is_del = 0 and is_lock = 0,*,,,1)
#4 IWEB_PATH/classes/checkrights.php(322): IModel->getObj(seller_name = 'qwe' and is_del = 0 and is_lock = 0)
#5 IWEB_PATH/classes/checkrights.php(85): CheckRights::isValidSeller(qwe,76d80224611fc919a5d54f0ff9fba446)
#6 IWEB_PATH/classes/checkrights.php(177): CheckRights::getSeller()
#7 IWEB_PATH/classes/checkrights.php(136): CheckRights::checkSellerRights()
#8 : CheckRights::onCreateAction()
#9 IWEB_PATH/lib/core/interceptor_class.php(106): call_user_func()
#10 IWEB_PATH/lib/web/controller/controller_class.php(136): IInterceptor::run(onCreateAction)
#11 IWEB_PATH/lib/core/webapplication_class.php(29): IController->run()
#12 IWEB_PATH/lib/core/application_class.php(108): IWebApplication->execRequest()
#13 IWEB_PATH/index.php(5): IApplication->run()
</ERROR_BLOCK>

<ERROR_BLOCK>
excepInfo: 由于目标计算机积极拒绝，无法连接。

excepFile: IWEB_PATH/lib/db/driver/mysqli_class.php
excepLine: 33
excepCode: 1000
excepTime: 2016-10-21 08:58:00
#0 IWEB_PATH/lib/db/db_class.php(57): IMysqli->connect()
#1 IWEB_PATH/lib/web/model/model_class.php(188): IDB->query(SELECT * FROM iwebshop_seller WHERE seller_name = 'qwe' and is_del = 0 and is_lock = 0 limit 1)
#2 IWEB_PATH/lib/web/model/model_class.php(134): IModel->query(seller_name = 'qwe' and is_del = 0 and is_lock = 0,*,,,1)
#3 IWEB_PATH/classes/checkrights.php(322): IModel->getObj(seller_name = 'qwe' and is_del = 0 and is_lock = 0)
#4 IWEB_PATH/classes/checkrights.php(85): CheckRights::isValidSeller(qwe,76d80224611fc919a5d54f0ff9fba446)
#5 IWEB_PATH/classes/checkrights.php(177): CheckRights::getSeller()
#6 IWEB_PATH/classes/checkrights.php(136): CheckRights::checkSellerRights()
#7 : CheckRights::onCreateAction()
#8 IWEB_PATH/lib/core/interceptor_class.php(106): call_user_func()
#9 IWEB_PATH/lib/web/controller/controller_class.php(136): IInterceptor::run(onCreateAction)
#10 IWEB_PATH/lib/core/webapplication_class.php(29): IController->run()
#11 IWEB_PATH/lib/core/application_class.php(108): IWebApplication->execRequest()
#12 IWEB_PATH/index.php(5): IApplication->run()
</ERROR_BLOCK>

<ERROR_BLOCK>
errorInfo: mysqli::mysqli() [<a href='mysqli.mysqli'>mysqli.mysqli</a>]: [2002] 由于目标计算机积极拒绝，无法连接。
 (trying to connect via tcp://localhost:3306)
errorFile: IWEB_PATH/lib/db/driver/mysqli_class.php
errorLine: 30
errorCode: 2
errorTime: 2016-10-21 08:58:29
#0 IWEB_PATH/lib/db/driver/mysqli_class.php(30): mysqli->mysqli(localhost,root,root,iwebshop,3306)
#1 IWEB_PATH/lib/db/db_class.php(57): IMysqli->connect()
#2 IWEB_PATH/lib/web/model/model_class.php(188): IDB->query(SELECT * FROM iwebshop_seller WHERE seller_name = 'qwe' and is_del = 0 and is_lock = 0 limit 1)
#3 IWEB_PATH/lib/web/model/model_class.php(134): IModel->query(seller_name = 'qwe' and is_del = 0 and is_lock = 0,*,,,1)
#4 IWEB_PATH/classes/checkrights.php(322): IModel->getObj(seller_name = 'qwe' and is_del = 0 and is_lock = 0)
#5 IWEB_PATH/classes/checkrights.php(85): CheckRights::isValidSeller(qwe,76d80224611fc919a5d54f0ff9fba446)
#6 IWEB_PATH/classes/checkrights.php(177): CheckRights::getSeller()
#7 IWEB_PATH/classes/checkrights.php(136): CheckRights::checkSellerRights()
#8 : CheckRights::onCreateAction()
#9 IWEB_PATH/lib/core/interceptor_class.php(106): call_user_func()
#10 IWEB_PATH/lib/web/controller/controller_class.php(136): IInterceptor::run(onCreateAction)
#11 IWEB_PATH/lib/core/webapplication_class.php(29): IController->run()
#12 IWEB_PATH/lib/core/application_class.php(108): IWebApplication->execRequest()
#13 IWEB_PATH/index.php(5): IApplication->run()
</ERROR_BLOCK>

<ERROR_BLOCK>
errorInfo: mysqli::mysqli() [<a href='mysqli.mysqli'>mysqli.mysqli</a>]: (HY000/2002): 由于目标计算机积极拒绝，无法连接。

errorFile: IWEB_PATH/lib/db/driver/mysqli_class.php
errorLine: 30
errorCode: 2
errorTime: 2016-10-21 08:58:29
#0 IWEB_PATH/lib/db/driver/mysqli_class.php(30): mysqli->mysqli(localhost,root,root,iwebshop,3306)
#1 IWEB_PATH/lib/db/db_class.php(57): IMysqli->connect()
#2 IWEB_PATH/lib/web/model/model_class.php(188): IDB->query(SELECT * FROM iwebshop_seller WHERE seller_name = 'qwe' and is_del = 0 and is_lock = 0 limit 1)
#3 IWEB_PATH/lib/web/model/model_class.php(134): IModel->query(seller_name = 'qwe' and is_del = 0 and is_lock = 0,*,,,1)
#4 IWEB_PATH/classes/checkrights.php(322): IModel->getObj(seller_name = 'qwe' and is_del = 0 and is_lock = 0)
#5 IWEB_PATH/classes/checkrights.php(85): CheckRights::isValidSeller(qwe,76d80224611fc919a5d54f0ff9fba446)
#6 IWEB_PATH/classes/checkrights.php(177): CheckRights::getSeller()
#7 IWEB_PATH/classes/checkrights.php(136): CheckRights::checkSellerRights()
#8 : CheckRights::onCreateAction()
#9 IWEB_PATH/lib/core/interceptor_class.php(106): call_user_func()
#10 IWEB_PATH/lib/web/controller/controller_class.php(136): IInterceptor::run(onCreateAction)
#11 IWEB_PATH/lib/core/webapplication_class.php(29): IController->run()
#12 IWEB_PATH/lib/core/application_class.php(108): IWebApplication->execRequest()
#13 IWEB_PATH/index.php(5): IApplication->run()
</ERROR_BLOCK>

<ERROR_BLOCK>
excepInfo: 由于目标计算机积极拒绝，无法连接。

excepFile: IWEB_PATH/lib/db/driver/mysqli_class.php
excepLine: 33
excepCode: 1000
excepTime: 2016-10-21 08:58:29
#0 IWEB_PATH/lib/db/db_class.php(57): IMysqli->connect()
#1 IWEB_PATH/lib/web/model/model_class.php(188): IDB->query(SELECT * FROM iwebshop_seller WHERE seller_name = 'qwe' and is_del = 0 and is_lock = 0 limit 1)
#2 IWEB_PATH/lib/web/model/model_class.php(134): IModel->query(seller_name = 'qwe' and is_del = 0 and is_lock = 0,*,,,1)
#3 IWEB_PATH/classes/checkrights.php(322): IModel->getObj(seller_name = 'qwe' and is_del = 0 and is_lock = 0)
#4 IWEB_PATH/classes/checkrights.php(85): CheckRights::isValidSeller(qwe,76d80224611fc919a5d54f0ff9fba446)
#5 IWEB_PATH/classes/checkrights.php(177): CheckRights::getSeller()
#6 IWEB_PATH/classes/checkrights.php(136): CheckRights::checkSellerRights()
#7 : CheckRights::onCreateAction()
#8 IWEB_PATH/lib/core/interceptor_class.php(106): call_user_func()
#9 IWEB_PATH/lib/web/controller/controller_class.php(136): IInterceptor::run(onCreateAction)
#10 IWEB_PATH/lib/core/webapplication_class.php(29): IController->run()
#11 IWEB_PATH/lib/core/application_class.php(108): IWebApplication->execRequest()
#12 IWEB_PATH/index.php(5): IApplication->run()
</ERROR_BLOCK>

<ERROR_BLOCK>
errorInfo: mysqli::mysqli() [<a href='mysqli.mysqli'>mysqli.mysqli</a>]: [2002] 由于目标计算机积极拒绝，无法连接。
 (trying to connect via tcp://localhost:3306)
errorFile: IWEB_PATH/lib/db/driver/mysqli_class.php
errorLine: 30
errorCode: 2
errorTime: 2016-10-21 08:58:35
#0 IWEB_PATH/lib/db/driver/mysqli_class.php(30): mysqli->mysqli(localhost,root,root,iwebshop,3306)
#1 IWEB_PATH/lib/db/db_class.php(57): IMysqli->connect()
#2 IWEB_PATH/lib/web/model/model_class.php(188): IDB->query(SELECT * FROM iwebshop_seller WHERE seller_name = 'qwe' and is_del = 0 and is_lock = 0 limit 1)
#3 IWEB_PATH/lib/web/model/model_class.php(134): IModel->query(seller_name = 'qwe' and is_del = 0 and is_lock = 0,*,,,1)
#4 IWEB_PATH/classes/checkrights.php(322): IModel->getObj(seller_name = 'qwe' and is_del = 0 and is_lock = 0)
#5 IWEB_PATH/classes/checkrights.php(85): CheckRights::isValidSeller(qwe,76d80224611fc919a5d54f0ff9fba446)
#6 IWEB_PATH/classes/checkrights.php(177): CheckRights::getSeller()
#7 IWEB_PATH/classes/checkrights.php(136): CheckRights::checkSellerRights()
#8 : CheckRights::onCreateAction()
#9 IWEB_PATH/lib/core/interceptor_class.php(106): call_user_func()
#10 IWEB_PATH/lib/web/controller/controller_class.php(136): IInterceptor::run(onCreateAction)
#11 IWEB_PATH/lib/core/webapplication_class.php(29): IController->run()
#12 IWEB_PATH/lib/core/application_class.php(108): IWebApplication->execRequest()
#13 IWEB_PATH/index.php(5): IApplication->run()
</ERROR_BLOCK>

<ERROR_BLOCK>
errorInfo: mysqli::mysqli() [<a href='mysqli.mysqli'>mysqli.mysqli</a>]: (HY000/2002): 由于目标计算机积极拒绝，无法连接。

errorFile: IWEB_PATH/lib/db/driver/mysqli_class.php
errorLine: 30
errorCode: 2
errorTime: 2016-10-21 08:58:35
#0 IWEB_PATH/lib/db/driver/mysqli_class.php(30): mysqli->mysqli(localhost,root,root,iwebshop,3306)
#1 IWEB_PATH/lib/db/db_class.php(57): IMysqli->connect()
#2 IWEB_PATH/lib/web/model/model_class.php(188): IDB->query(SELECT * FROM iwebshop_seller WHERE seller_name = 'qwe' and is_del = 0 and is_lock = 0 limit 1)
#3 IWEB_PATH/lib/web/model/model_class.php(134): IModel->query(seller_name = 'qwe' and is_del = 0 and is_lock = 0,*,,,1)
#4 IWEB_PATH/classes/checkrights.php(322): IModel->getObj(seller_name = 'qwe' and is_del = 0 and is_lock = 0)
#5 IWEB_PATH/classes/checkrights.php(85): CheckRights::isValidSeller(qwe,76d80224611fc919a5d54f0ff9fba446)
#6 IWEB_PATH/classes/checkrights.php(177): CheckRights::getSeller()
#7 IWEB_PATH/classes/checkrights.php(136): CheckRights::checkSellerRights()
#8 : CheckRights::onCreateAction()
#9 IWEB_PATH/lib/core/interceptor_class.php(106): call_user_func()
#10 IWEB_PATH/lib/web/controller/controller_class.php(136): IInterceptor::run(onCreateAction)
#11 IWEB_PATH/lib/core/webapplication_class.php(29): IController->run()
#12 IWEB_PATH/lib/core/application_class.php(108): IWebApplication->execRequest()
#13 IWEB_PATH/index.php(5): IApplication->run()
</ERROR_BLOCK>

<ERROR_BLOCK>
excepInfo: 由于目标计算机积极拒绝，无法连接。

excepFile: IWEB_PATH/lib/db/driver/mysqli_class.php
excepLine: 33
excepCode: 1000
excepTime: 2016-10-21 08:58:35
#0 IWEB_PATH/lib/db/db_class.php(57): IMysqli->connect()
#1 IWEB_PATH/lib/web/model/model_class.php(188): IDB->query(SELECT * FROM iwebshop_seller WHERE seller_name = 'qwe' and is_del = 0 and is_lock = 0 limit 1)
#2 IWEB_PATH/lib/web/model/model_class.php(134): IModel->query(seller_name = 'qwe' and is_del = 0 and is_lock = 0,*,,,1)
#3 IWEB_PATH/classes/checkrights.php(322): IModel->getObj(seller_name = 'qwe' and is_del = 0 and is_lock = 0)
#4 IWEB_PATH/classes/checkrights.php(85): CheckRights::isValidSeller(qwe,76d80224611fc919a5d54f0ff9fba446)
#5 IWEB_PATH/classes/checkrights.php(177): CheckRights::getSeller()
#6 IWEB_PATH/classes/checkrights.php(136): CheckRights::checkSellerRights()
#7 : CheckRights::onCreateAction()
#8 IWEB_PATH/lib/core/interceptor_class.php(106): call_user_func()
#9 IWEB_PATH/lib/web/controller/controller_class.php(136): IInterceptor::run(onCreateAction)
#10 IWEB_PATH/lib/core/webapplication_class.php(29): IController->run()
#11 IWEB_PATH/lib/core/application_class.php(108): IWebApplication->execRequest()
#12 IWEB_PATH/index.php(5): IApplication->run()
</ERROR_BLOCK>

<ERROR_BLOCK>
excepInfo: SELECT * FROM iwebshop_goods WHERE seller_id= limit 50000
 -- You have an error in your SQL syntax; check the manual that corresponds to your MySQL server version for the right syntax to use near 'limit 50000' at line 1
excepFile: IWEB_PATH/lib/db/db_class.php
excepLine: 68
excepCode: 1000
excepTime: 2016-10-21 10:19:01
#0 IWEB_PATH/lib/web/model/model_class.php(188): IDB->query(SELECT * FROM iwebshop_goods WHERE seller_id= limit 50000)
#1 IWEB_PATH/controllers/test.php(48): IModel->query(seller_id=)
#2 IWEB_PATH/lib/web/action/inline_action.php(24): Test->show()
#3 IWEB_PATH/lib/web/controller/controller_class.php(137): IInlineAction->run()
#4 IWEB_PATH/lib/core/webapplication_class.php(29): IController->run()
#5 IWEB_PATH/lib/core/application_class.php(108): IWebApplication->execRequest()
#6 IWEB_PATH/index.php(5): IApplication->run()
</ERROR_BLOCK>

<ERROR_BLOCK>
errorInfo: Invalid argument supplied for foreach()
errorFile: IWEB_PATH/runtime/sysdefault/test/upd.php
errorLine: 57
errorCode: 2
errorTime: 2016-10-21 10:20:00
#0 IWEB_PATH/lib/web/controller/controllerbase_class.php(116): require(IWEB_PATH/runtime/sysdefault/test/upd.php)
#1 IWEB_PATH/lib/web/controller/controllerbase_class.php(82): IControllerBase->requireFile(IWEB_PATH/runtime/sysdefault/test/upd.php)
#2 IWEB_PATH/lib/web/controller/controller_class.php(201): IControllerBase->renderView(IWEB_PATH/views/sysdefault/test/upd)
#3 IWEB_PATH/lib/web/action/view_action.php(36): IController->render(IWEB_PATH/views/sysdefault/test/upd)
#4 IWEB_PATH/lib/web/controller/controller_class.php(370): IViewAction->run()
#5 IWEB_PATH/controllers/test.php(72): IController->redirect(upd)
#6 IWEB_PATH/lib/web/action/inline_action.php(24): Test->upd()
#7 IWEB_PATH/lib/web/controller/controller_class.php(137): IInlineAction->run()
#8 IWEB_PATH/lib/core/webapplication_class.php(29): IController->run()
#9 IWEB_PATH/lib/core/application_class.php(108): IWebApplication->execRequest()
#10 IWEB_PATH/index.php(5): IApplication->run()
</ERROR_BLOCK>

<ERROR_BLOCK>
errorInfo: Invalid argument supplied for foreach()
errorFile: IWEB_PATH/runtime/sysdefault/test/upd.php
errorLine: 57
errorCode: 2
errorTime: 2016-10-21 10:20:13
#0 IWEB_PATH/lib/web/controller/controllerbase_class.php(116): require(IWEB_PATH/runtime/sysdefault/test/upd.php)
#1 IWEB_PATH/lib/web/controller/controllerbase_class.php(82): IControllerBase->requireFile(IWEB_PATH/runtime/sysdefault/test/upd.php)
#2 IWEB_PATH/lib/web/controller/controller_class.php(201): IControllerBase->renderView(IWEB_PATH/views/sysdefault/test/upd)
#3 IWEB_PATH/lib/web/action/view_action.php(36): IController->render(IWEB_PATH/views/sysdefault/test/upd)
#4 IWEB_PATH/lib/web/controller/controller_class.php(370): IViewAction->run()
#5 IWEB_PATH/controllers/test.php(72): IController->redirect(upd)
#6 IWEB_PATH/lib/web/action/inline_action.php(24): Test->upd()
#7 IWEB_PATH/lib/web/controller/controller_class.php(137): IInlineAction->run()
#8 IWEB_PATH/lib/core/webapplication_class.php(29): IController->run()
#9 IWEB_PATH/lib/core/application_class.php(108): IWebApplication->execRequest()
#10 IWEB_PATH/index.php(5): IApplication->run()
</ERROR_BLOCK>

<ERROR_BLOCK>
errorInfo: Invalid argument supplied for foreach()
errorFile: IWEB_PATH/runtime/sysdefault/test/upd.php
errorLine: 57
errorCode: 2
errorTime: 2016-10-21 10:20:14
#0 IWEB_PATH/lib/web/controller/controllerbase_class.php(116): require(IWEB_PATH/runtime/sysdefault/test/upd.php)
#1 IWEB_PATH/lib/web/controller/controllerbase_class.php(82): IControllerBase->requireFile(IWEB_PATH/runtime/sysdefault/test/upd.php)
#2 IWEB_PATH/lib/web/controller/controller_class.php(201): IControllerBase->renderView(IWEB_PATH/views/sysdefault/test/upd)
#3 IWEB_PATH/lib/web/action/view_action.php(36): IController->render(IWEB_PATH/views/sysdefault/test/upd)
#4 IWEB_PATH/lib/web/controller/controller_class.php(370): IViewAction->run()
#5 IWEB_PATH/controllers/test.php(72): IController->redirect(upd)
#6 IWEB_PATH/lib/web/action/inline_action.php(24): Test->upd()
#7 IWEB_PATH/lib/web/controller/controller_class.php(137): IInlineAction->run()
#8 IWEB_PATH/lib/core/webapplication_class.php(29): IController->run()
#9 IWEB_PATH/lib/core/application_class.php(108): IWebApplication->execRequest()
#10 IWEB_PATH/index.php(5): IApplication->run()
</ERROR_BLOCK>

<ERROR_BLOCK>
errorInfo: Invalid argument supplied for foreach()
errorFile: IWEB_PATH/runtime/sysdefault/test/upd.php
errorLine: 57
errorCode: 2
errorTime: 2016-10-21 10:20:15
#0 IWEB_PATH/lib/web/controller/controllerbase_class.php(116): require(IWEB_PATH/runtime/sysdefault/test/upd.php)
#1 IWEB_PATH/lib/web/controller/controllerbase_class.php(82): IControllerBase->requireFile(IWEB_PATH/runtime/sysdefault/test/upd.php)
#2 IWEB_PATH/lib/web/controller/controller_class.php(201): IControllerBase->renderView(IWEB_PATH/views/sysdefault/test/upd)
#3 IWEB_PATH/lib/web/action/view_action.php(36): IController->render(IWEB_PATH/views/sysdefault/test/upd)
#4 IWEB_PATH/lib/web/controller/controller_class.php(370): IViewAction->run()
#5 IWEB_PATH/controllers/test.php(72): IController->redirect(upd)
#6 IWEB_PATH/lib/web/action/inline_action.php(24): Test->upd()
#7 IWEB_PATH/lib/web/controller/controller_class.php(137): IInlineAction->run()
#8 IWEB_PATH/lib/core/webapplication_class.php(29): IController->run()
#9 IWEB_PATH/lib/core/application_class.php(108): IWebApplication->execRequest()
#10 IWEB_PATH/index.php(5): IApplication->run()
</ERROR_BLOCK>

