[20161226 08:30:05]select * from login
[20161226 08:41:01]INSERT INTO asd (name,pwd) VALUES ('cuijinpeng','123')
[20161226 11:01:13]select * from login
[20161226 11:21:44]select * from login
[20161226 11:30:58]select * from login
[20161226 11:31:01]select * from login
[20161226 11:32:47]select * from login
[20161226 12:51:30]select * from login
[20161226 12:51:44]select * from login
[20161226 13:28:46]select * from login
[20161226 13:29:28]select * from login
[20161226 13:29:32]select * from login
[20161226 13:29:34]select * from login
[20161226 13:29:35]select * from login
[20161226 13:29:38]select * from login
[20161226 13:29:38]select * from login
[20161226 13:31:33]select * from login
[20161226 13:31:40]select * from login
[20161226 13:31:41]select * from login
[20161226 13:31:42]select * from login
[20161226 13:31:43]select * from login
[20161226 13:31:45]select * from login
[20161226 13:31:47]select * from login
[20161226 13:31:48]select * from login
[20161226 13:31:50]select * from login
[20161226 13:31:52]select * from login
[20161226 13:31:53]select * from login
[20161226 13:31:54]select * from login
[20161226 13:33:11]select * from login
[20161226 13:33:13]select * from login
[20161226 13:33:14]select * from login
[20161226 13:33:15]select * from login
[20161226 13:33:18]select * from login
[20161226 13:33:19]select * from login
[20161226 13:44:08]select * from login
[20161226 13:44:08]select * from login where 1 limit 0,2
[20161226 13:44:11]select * from login
[20161226 13:44:11]select * from login where 1 limit 2,2
[20161226 13:44:13]select * from login
[20161226 13:44:13]select * from login where 1 limit 4,2
[20161226 13:44:15]select * from login
[20161226 13:44:15]select * from login where 1 limit 6,2
[20161226 13:44:17]select * from login
[20161226 13:44:17]select * from login where 1 limit 4,2
[20161226 13:44:18]select * from login
[20161226 13:44:18]select * from login where 1 limit 2,2
[20161226 13:44:19]select * from login
[20161226 13:44:19]select * from login where 1 limit 0,2
[20161226 14:01:51]select * from login
[20161226 14:01:51]select * from login where 1 limit 0,2
[20161226 14:02:08]select * from login
[20161226 14:02:08]select * from login where 1 limit 0,2
[20161226 14:27:20]select * from login
[20161226 14:27:20]select * from login where 1 limit 0,2
[20161226 14:40:53]select * from login
[20161226 14:40:53]select * from login where 1 limit 0,2
[20161226 14:40:59]select * from login
[20161226 14:40:59]select * from login where 1 limit 0,2
[20161226 14:41:12]select * from login
[20161226 14:41:12]select * from login where 1 limit 0,2
[20161226 14:41:49]select * from login
[20161226 14:41:49]select * from login where 1 limit 0,2
[20161226 15:04:31]select * from login
[20161226 15:04:31]select * from login where 1 limit 0,2
[20161226 15:04:50]select * from login
[20161226 15:04:50]select * from login where 1 limit 0,2
[20161226 15:07:14]select * from login
[20161226 15:07:14]select * from login where 1 limit 0,2
[20161226 15:07:34]select * from login
[20161226 15:09:23]select * from login
[20161226 15:09:23]select * from login where 1 limit 0,2
[20161226 15:31:54]select * from login
[20161226 15:31:54]select * from login where 1 limit 0,2
[20161226 15:32:10]select * from login
[20161226 15:32:10]select * from login
[20161226 15:32:16]select * from login
[20161226 15:32:16]select * from login
[20161226 15:34:40]select * from login
[20161226 15:34:40]select * from login where 1 limit 2,2
[20161226 15:34:43]select * from login
[20161226 15:34:43]select * from login where 1 limit 6,2
[20161226 15:34:46]select * from login
[20161226 15:34:46]select * from login where 1 limit 2,2
[20161226 15:36:00]select * from login
[20161226 15:36:00]select * from login where 1 limit 2,2
[20161226 15:37:09]select * from login
[20161226 15:37:09]select * from login where 1 limit 2,2
[20161226 15:37:11]select * from login
[20161226 15:37:11]select * from login where 1 limit 2,2
[20161226 15:37:13]select * from login
[20161226 15:37:13]select * from login where 1 limit 4,2
[20161226 15:37:15]select * from login
[20161226 15:37:15]select * from login where 1 limit 6,2
[20161226 15:37:18]select * from login
[20161226 15:37:18]select * from login where 1 limit 2,2
[20161226 15:39:38]select * from login
[20161226 15:39:38]select * from login where 1 limit 2,2
[20161226 15:39:40]select * from login
[20161226 15:39:40]select * from login where 1 limit 2,2
[20161226 15:39:43]select * from login
[20161226 15:39:43]select * from login where 1 limit 2,2
[20161226 15:39:45]select * from login
[20161226 15:39:45]select * from login where 1 limit 0,2
[20161226 15:39:46]select * from login
[20161226 15:39:46]select * from login where 1 limit 2,2
[20161226 15:39:47]select * from login
[20161226 15:39:47]select * from login where 1 limit 0,2
[20161226 15:39:49]select * from login
[20161226 15:39:49]select * from login where 1 limit 2,2
[20161226 15:39:50]select * from login
[20161226 15:39:50]select * from login where 1 limit 4,2
[20161226 15:40:17]select * from login
[20161226 15:40:17]select * from login where 1 limit 4,2
[20161226 15:40:20]select * from login
[20161226 15:40:20]select * from login where 1 limit 2,2
[20161226 15:40:20]select * from login
[20161226 15:40:20]select * from login where 1 limit 0,2
[20161226 15:40:22]select * from login
[20161226 15:40:22]select * from login where 1 limit 2,2
[20161226 15:40:22]select * from login
[20161226 15:40:22]select * from login where 1 limit 6,2
[20161226 15:41:08]select * from login
[20161226 15:41:08]select * from login where 1 limit 6,2
[20161226 15:41:10]select * from login
[20161226 15:41:10]select * from login where 1 limit 4,2
[20161226 15:41:12]select * from login
[20161226 15:41:12]select * from login where 1 limit 2,2
[20161226 16:12:40]select * from login
[20161226 16:12:40]select * from login where 1 limit 0,2
[20161226 16:14:22]select * from login
[20161226 16:14:22]select * from login where 1 limit 0,2
[20161226 16:14:24]select * from login
[20161226 16:14:24]select * from login where 1 limit 6,2
[20161226 16:14:37]select * from login
[20161226 16:14:37]select * from login where 1 limit 6,2
[20161226 16:16:46]select * from login
[20161226 16:16:46]select * from login where 1 limit 6,2
[20161226 16:16:49]select * from login
[20161226 16:16:49]select * from login where 1 limit 8,2
[20161226 16:16:52]select * from login
[20161226 16:16:52]select * from login where 1 limit 6,2
[20161226 16:16:55]select * from login
[20161226 16:16:55]select * from login where 1 limit 6,2
[20161226 16:16:58]select * from login
[20161226 16:16:58]select * from login where 1 limit 8,2
[20161226 16:33:11]INSERT INTO asd (name,pwd) VALUES (' c u i j i n p e n g',' c u i j i n p e n g 1 2 3')
[20161226 16:33:33]select * from login
[20161226 16:33:33]select * from login where 1 limit 0,2
[20161226 16:34:15]select * from login
[20161226 16:34:15]select * from login where 1 limit 0,2
[20161226 16:38:20]select * from login
[20161226 16:38:20]select * from login where 1 limit 0,2
[20161226 16:38:43]select * from login
[20161226 16:38:43]select * from login where 1 limit 0,2
[20161226 16:41:59]INSERT INTO asd (name,pwd) VALUES ('cuijinpeng','123')
[20161226 16:46:12]INSERT INTO asd (name,pwd) VALUES (' g',' 3')
[20161226 16:47:03]INSERT INTO asd (name,pwd) VALUES ('cuijinpeng c u i j i n p e n g','123 1 2 3')
[20161226 16:48:31]INSERT INTO asd (name,pwd) VALUES ('cuijinpeng c u i j i n p e n g','123 1 2 3')
[20161226 16:48:55]select * from login
[20161226 16:48:55]select * from login where 1 limit 0,2
[20161226 16:50:22]INSERT INTO asd (name,pwd) VALUES ('cuijinpeng','123')
[20161226 16:55:36]INSERT INTO asd () VALUES ('')
[20161226 16:55:46]INSERT INTO asd (name,pwd) VALUES ('cuijinpeng','123')
[20161226 16:56:24]INSERT INTO asd (name,pwd) VALUES ('wppf','wppf246')
[20161226 16:57:04]select * from asd
[20161226 16:58:08]select * from login
[20161226 16:58:08]select * from login where 1 limit 0,2
[20161226 16:59:34]select * from login
[20161226 16:59:34]select * from login where 1 limit 0,2
[20161226 17:00:13]select * from login
[20161226 17:00:13]select * from login where 1 limit 0,2
[20161226 17:00:44]select * from login
[20161226 17:00:44]select * from login where 1 limit 0,2
[20161226 17:01:25]select * from login
[20161226 17:01:25]select * from login where 1 limit 0,2
[20161226 17:01:38]select * from login
[20161226 17:01:38]select * from login where 1 limit 2,2
[20161226 17:01:40]select * from login
[20161226 17:01:40]select * from login where 1 limit 4,2
[20161226 17:01:40]select * from login
[20161226 17:01:40]select * from login where 1 limit 8,2
[20161226 17:01:44]select * from login
[20161226 17:01:44]select * from login where 1 limit 6,2
[20161226 17:01:47]select * from login
[20161226 17:01:47]select * from login where 1 limit 4,2
[20161226 17:01:48]select * from login
[20161226 17:01:48]select * from login where 1 limit 2,2
[20161226 17:01:49]select * from login
[20161226 17:01:49]select * from login where 1 limit 4,2
[20161226 17:01:50]select * from login
[20161226 17:01:50]select * from login where 1 limit 6,2
[20161226 17:01:51]select * from login
[20161226 17:01:51]select * from login where 1 limit 8,2
[20161226 17:50:05]select * from login
[20161226 17:50:05]select * from login where 1 limit 2,2
[20161226 17:50:07]select * from login
[20161226 17:50:07]select * from login where 1 limit 0,2
[20161226 17:50:57]select * from login
[20161226 17:50:57]select * from login where 1 limit 0,2
[20161226 17:51:08]INSERT INTO login (name,pwd) VALUES ('zymumkdtko','zymumkdtko246')
[20161226 17:51:13]select * from login
[20161226 17:51:13]select * from login where 1 limit 0,2
[20161226 17:51:17]select * from login
[20161226 17:51:17]select * from login where 1 limit 6,2
[20161226 17:51:19]select * from login
[20161226 17:51:19]select * from login where 1 limit 8,2
[20161226 17:51:23]select * from login
[20161226 17:51:23]select * from login where 1 limit 8,2
[20161226 17:53:50]select * from login
[20161226 17:53:50]select * from login where 1 limit 8,2
[20161226 17:53:58]select * from login
[20161226 17:53:58]select * from login where 1 limit 6,2
[20161226 17:54:02]select * from login
[20161226 17:54:02]select * from login where 1 limit 6,2
[20161226 17:54:12]select * from login
[20161226 17:54:12]select * from login where 1 limit 6,2
[20161226 17:54:16]select * from login
[20161226 17:54:16]select * from login where 1 limit 8,2
[20161226 17:55:18]select * from login
[20161226 17:55:18]select * from login where 1 limit 8,2
[20161226 17:56:02]select * from login
[20161226 17:56:02]select * from login where 1 limit 8,2
[20161226 18:00:38]INSERT INTO login (name,pwd) VALUES ('BwCk9SMM8ii/dxG6N9IiWw==','tpDWOs96hjlT7iG2zcE3/Q==')
[20161226 18:00:43]select * from login
[20161226 18:00:43]select * from login where 1 limit 0,2
[20161226 18:01:01]select * from login
[20161226 18:01:01]select * from login where 1 limit 0,2
[20161226 18:02:18]select * from login
[20161226 18:02:18]select * from login where 1 limit 0,2
[20161226 18:03:33]select * from login
[20161226 18:03:33]select * from login where 1 limit 6,2
[20161226 18:03:35]select * from login
[20161226 18:03:35]select * from login where 1 limit 8,2
[20161226 18:03:37]select * from login
[20161226 18:03:37]select * from login where 1 limit 10,2
[20161226 18:04:31]select * from login
[20161226 18:04:31]select * from login where 1 limit 10,2
[20161226 18:04:35]select * from login
[20161226 18:04:35]select * from login where 1 limit 8,2
[20161226 18:04:36]select * from login
[20161226 18:04:36]select * from login where 1 limit 4,2
[20161226 18:04:41]select * from login
[20161226 18:04:41]select * from login where 1 limit 2,2
[20161226 18:04:47]select * from login
[20161226 18:04:47]select * from login where 1 limit 8,2
[20161226 18:04:49]select * from login
[20161226 18:04:49]select * from login where 1 limit 8,2
[20161226 18:04:51]select * from login
[20161226 18:04:51]select * from login where 1 limit 6,2
[20161226 18:04:55]select * from login
[20161226 18:04:55]select * from login where 1 limit 8,2
[20161226 18:25:09]select * from login
[20161226 18:25:09]select * from login where 1 limit 0,2
[20161226 18:27:59]INSERT INTO login () VALUES ('')
[20161226 18:28:01]INSERT INTO login () VALUES ('')
[20161226 18:28:39]INSERT INTO login () VALUES ('')
[20161226 18:28:39]select * from login
[20161226 18:28:39]select * from login where 1 limit 0,2
[20161226 19:55:56]INSERT INTO makes (name,sex,hobby,content) VALUES ('iSvIG1pbpw4ppv/hB0zrk1PuIbbNwTf9','gyW4371aFiFT7iG2zcE3/Q==','bh8cDJtT7E+sigsKW07Y2w==','UVKS4les4Nu23Ab4KFeebQ==')
[20161226 19:56:40]INSERT INTO makes (name,sex,hobby,content) VALUES ('BZV93YpWYXOL1T0qOhTBnA==','gyW4371aFiFT7iG2zcE3/Q==','NWjLoW9bpQ4fVWWk6+Px1B82iQvF67ar','x7JT+2ANSQP/Fx9/XP7zKA==')
[20161226 20:03:49]INSERT INTO makes (name,sex,hobby,content) VALUES ('Y3ZFWIFACpaf0QsYguP/oVPuIbbNwTf9','gyW4371aFiFT7iG2zcE3/Q==','z4MWnrwKaSpAw7SPc1mSqA==','rIxispACZPfFUeLzY3tarA==')
[20161226 20:03:49]select * from makes
[20161226 20:06:34]INSERT INTO makes (name,sex,hobby,content) VALUES ('bJiKDZ6B5iLqotZwJSNguw==','gyW4371aFiFT7iG2zcE3/Q==','17tGJn8IkHFT7iG2zcE3/Q==','jbZLXO+bXuNdYAPJag6hyQ==')
[20161226 20:06:34]select * from makes
[20161226 20:08:05]INSERT INTO makes (name,sex,hobby,content) VALUES ('O+aK46W7+/CPqw7On/QS1A==','gyW4371aFiFT7iG2zcE3/Q==','XhvlMDtk+VYUwNBqTmbtJA==','L/YIe4VYeAglx8i93tgJhw==')
[20161226 20:08:05]select * from makes
[20161226 20:09:35]INSERT INTO makes (name,sex,hobby,content) VALUES ('O+aK46W7+/CPqw7On/QS1A==','gyW4371aFiFT7iG2zcE3/Q==','XhvlMDtk+VYUwNBqTmbtJA==','L/YIe4VYeAglx8i93tgJhw==')
[20161226 20:09:35]select * from makes
[20161226 21:09:19]INSERT INTO makes (name,sex,hobby,content) VALUES ('71s8m3nrkbZqvY4DeQGJaJ2rc6gVHK7uSf7xKnwZk24I2VXrnijCiw==','gyW4371aFiFT7iG2zcE3/Q==','z4MWnrwKaSpAw7SPc1mSqA==','D1+/bPs3XW4=')
[20161226 21:09:19]select * from makes
[20161226 21:09:19]INSERT INTO makes (name,sex,hobby,content) VALUES ('71s8m3nrkbZqvY4DeQGJaJ2rc6gVHK7uSf7xKnwZk24I2VXrnijCiw==','gyW4371aFiFT7iG2zcE3/Q==','z4MWnrwKaSpAw7SPc1mSqA==','D1+/bPs3XW4=')
[20161226 21:09:19]select * from makes
[20161226 21:09:19]INSERT INTO makes (name,sex,hobby,content) VALUES ('71s8m3nrkbZqvY4DeQGJaJ2rc6gVHK7uSf7xKnwZk24I2VXrnijCiw==','gyW4371aFiFT7iG2zcE3/Q==','z4MWnrwKaSpAw7SPc1mSqA==','D1+/bPs3XW4=')
[20161226 21:09:19]select * from makes
[20161226 21:09:19]INSERT INTO makes (name,sex,hobby,content) VALUES ('71s8m3nrkbZqvY4DeQGJaJ2rc6gVHK7uSf7xKnwZk24I2VXrnijCiw==','gyW4371aFiFT7iG2zcE3/Q==','z4MWnrwKaSpAw7SPc1mSqA==','D1+/bPs3XW4=')
[20161226 21:09:19]select * from makes
[20161226 21:12:31]INSERT INTO makes (name,sex,hobby,content) VALUES ('&lt;script&gt;alert(&quot;123&quot;);&lt;/script&gt;','man','ball,ping','')
[20161226 21:12:31]select * from makes
