2016-11-08 13:32:39	SELECT * FROM iwebshop_user as u,iwebshop_member as m WHERE (u.username = '' or u.email = '' or m.mobile='') and m.status = 1 and u.id = m.user_id limit 1	
2016-11-08 13:32:40	SELECT * FROM iwebshop_ad_position WHERE id=1 AND `status`=1 limit 1	
2016-11-08 13:32:40	SELECT * FROM iwebshop_ad_manage WHERE position_id=1 and goods_cat_id = 0 and start_time < '2016-11-08 13:32:40' AND end_time > '2016-11-08 13:32:40' ORDER BY `order` ASC  limit 50000	
2016-11-08 13:32:40	SELECT * FROM iwebshop_ad_position WHERE id=7 AND `status`=1 limit 1	
2016-11-08 13:32:40	SELECT * FROM iwebshop_ad_manage WHERE position_id=7 and goods_cat_id = 0 and start_time < '2016-11-08 13:32:40' AND end_time > '2016-11-08 13:32:40' ORDER BY `order` ASC  limit 50000	
2016-11-08 13:32:40	SELECT * FROM iwebshop_ad_position WHERE id=6 AND `status`=1 limit 1	
2016-11-08 13:32:40	SELECT * FROM iwebshop_ad_manage WHERE position_id=6 and goods_cat_id = 0 and start_time < '2016-11-08 13:32:40' AND end_time > '2016-11-08 13:32:40' ORDER BY `order` ASC  limit 50000	
2016-11-08 13:32:41	SELECT * FROM iwebshop_promotion WHERE `condition` between 0 and 999999999 and type = 0 and is_close = 0 and start_time <= "2016-11-08 13:32:41" and end_time >= "2016-11-08 13:32:41" and seller_id = 0 and award_type in (3,4,5,6,7) and user_group = "all"  ORDER BY `condition` DESC  limit 50000	
2016-11-08 13:32:41	SELECT * FROM iwebshop_promotion WHERE `condition` between 0 and 999999999 and type = 0 and is_close = 0 and start_time <= "2016-11-08 13:32:41" and end_time >= "2016-11-08 13:32:41" and seller_id = 0 and award_type in (1,2) and user_group = "all"  ORDER BY `condition` DESC  limit 50000	
2016-11-08 13:32:54	SELECT * FROM iwebshop_user as u,iwebshop_member as m WHERE (u.username = '' or u.email = '' or m.mobile='') and m.status = 1 and u.id = m.user_id limit 1	
2016-11-08 13:32:55	SELECT * FROM iwebshop_ad_position WHERE id=1 AND `status`=1 limit 1	
2016-11-08 13:32:55	SELECT * FROM iwebshop_ad_manage WHERE position_id=1 and goods_cat_id = 0 and start_time < '2016-11-08 13:32:55' AND end_time > '2016-11-08 13:32:55' ORDER BY `order` ASC  limit 50000	
2016-11-08 13:32:55	SELECT * FROM iwebshop_ad_position WHERE id=7 AND `status`=1 limit 1	
2016-11-08 13:32:55	SELECT * FROM iwebshop_ad_manage WHERE position_id=7 and goods_cat_id = 0 and start_time < '2016-11-08 13:32:55' AND end_time > '2016-11-08 13:32:55' ORDER BY `order` ASC  limit 50000	
2016-11-08 13:32:55	SELECT * FROM iwebshop_ad_position WHERE id=6 AND `status`=1 limit 1	
2016-11-08 13:32:55	SELECT * FROM iwebshop_ad_manage WHERE position_id=6 and goods_cat_id = 0 and start_time < '2016-11-08 13:32:55' AND end_time > '2016-11-08 13:32:55' ORDER BY `order` ASC  limit 50000	
2016-11-08 13:32:55	SELECT * FROM iwebshop_promotion WHERE `condition` between 0 and 999999999 and type = 0 and is_close = 0 and start_time <= "2016-11-08 13:32:55" and end_time >= "2016-11-08 13:32:55" and seller_id = 0 and award_type in (3,4,5,6,7) and user_group = "all"  ORDER BY `condition` DESC  limit 50000	
2016-11-08 13:32:55	SELECT * FROM iwebshop_promotion WHERE `condition` between 0 and 999999999 and type = 0 and is_close = 0 and start_time <= "2016-11-08 13:32:55" and end_time >= "2016-11-08 13:32:55" and seller_id = 0 and award_type in (1,2) and user_group = "all"  ORDER BY `condition` DESC  limit 50000	
2016-11-08 13:32:57	SELECT * FROM iwebshop_user as u,iwebshop_member as m WHERE (u.username = '' or u.email = '' or m.mobile='') and m.status = 1 and u.id = m.user_id limit 1	
2016-11-08 13:33:10	SELECT * FROM iwebshop_admin WHERE admin_name = "luyaran" limit 1	
2016-11-08 13:33:11	SELECT * FROM iwebshop_admin WHERE admin_name='luyaran' and is_del = 0 limit 1	
2016-11-08 13:33:11	SELECT * FROM iwebshop_admin WHERE admin_name='luyaran' and is_del = 0 limit 1	
2016-11-08 13:33:11	SELECT count(*) as num FROM iwebshop_goods WHERE is_del != 1 limit 1	
2016-11-08 13:33:11	SELECT count(*) as num FROM iwebshop_comment as co,iwebshop_goods as go WHERE co.status = 1 and co.goods_id = go.id and co.recomment_time<=0 limit 1	
2016-11-08 13:33:11	SELECT count(*) as num FROM iwebshop_refer as re,iwebshop_goods as go WHERE re.goods_id = go.id and re.status = 0 limit 1	
2016-11-08 13:33:12	SELECT * FROM iwebshop_admin WHERE admin_name = "luyaran" limit 1	
2016-11-08 13:33:19	SELECT * FROM iwebshop_admin WHERE admin_name='luyaran' and is_del = 0 limit 1	
2016-11-08 13:33:19	SELECT * FROM iwebshop_admin WHERE admin_name='luyaran' and is_del = 0 limit 1	
2016-11-08 13:33:19	SELECT * FROM iwebshop_admin WHERE admin_name = "luyaran" limit 1	
2016-11-08 13:33:21	SELECT * FROM iwebshop_admin WHERE admin_name='luyaran' and is_del = 0 limit 1	
2016-11-08 13:33:21	SELECT * FROM iwebshop_admin WHERE admin_name='luyaran' and is_del = 0 limit 1	
2016-11-08 13:33:21	SELECT * FROM iwebshop_admin WHERE admin_name = "luyaran" limit 1	
2016-11-08 13:33:38	SELECT * FROM iwebshop_admin WHERE admin_name='luyaran' and is_del = 0 limit 1	
2016-11-08 13:33:38	SELECT * FROM iwebshop_admin WHERE admin_name='luyaran' and is_del = 0 limit 1	
2016-11-08 13:33:38	SELECT * FROM iwebshop_admin WHERE admin_name = "luyaran" limit 1	
2016-11-08 13:33:38	SELECT * FROM iwebshop_user as u,iwebshop_member as m WHERE (u.username = '' or u.email = '' or m.mobile='') and m.status = 1 and u.id = m.user_id limit 1	
2016-11-08 13:33:38	SELECT * FROM iwebshop_areas WHERE parent_id=0 ORDER BY sort ASC  limit 50000	
2016-11-08 13:33:42	SELECT * FROM iwebshop_admin WHERE admin_name='luyaran' and is_del = 0 limit 1	
2016-11-08 13:33:42	SELECT * FROM iwebshop_admin WHERE admin_name='luyaran' and is_del = 0 limit 1	
2016-11-08 13:33:42	SELECT * FROM iwebshop_admin WHERE admin_name = "luyaran" limit 1	
2016-11-08 13:33:43	SELECT * FROM iwebshop_admin WHERE admin_name='luyaran' and is_del = 0 limit 1	
2016-11-08 13:33:43	SELECT * FROM iwebshop_admin WHERE admin_name='luyaran' and is_del = 0 limit 1	
2016-11-08 13:33:43	SELECT * FROM iwebshop_admin WHERE admin_name = "luyaran" limit 1	
2016-11-08 13:33:44	SELECT * FROM iwebshop_admin WHERE admin_name='luyaran' and is_del = 0 limit 1	
2016-11-08 13:33:44	SELECT * FROM iwebshop_admin WHERE admin_name='luyaran' and is_del = 0 limit 1	
2016-11-08 13:33:45	SELECT * FROM iwebshop_admin WHERE admin_name = "luyaran" limit 1	
2016-11-08 13:33:50	SELECT * FROM iwebshop_admin WHERE admin_name='luyaran' and is_del = 0 limit 1	
2016-11-08 13:33:50	SELECT * FROM iwebshop_admin WHERE admin_name='luyaran' and is_del = 0 limit 1	
2016-11-08 13:33:50	SELECT * FROM iwebshop_admin WHERE admin_name = "luyaran" limit 1	
2016-11-08 13:33:50	SELECT * FROM iwebshop_user as u,iwebshop_member as m WHERE (u.username = '' or u.email = '' or m.mobile='') and m.status = 1 and u.id = m.user_id limit 1	
2016-11-08 13:33:50	SELECT * FROM iwebshop_areas WHERE parent_id=0 ORDER BY sort ASC  limit 50000	
2016-11-08 13:33:51	SELECT * FROM iwebshop_admin WHERE admin_name='luyaran' and is_del = 0 limit 1	
2016-11-08 13:33:51	SELECT * FROM iwebshop_admin WHERE admin_name='luyaran' and is_del = 0 limit 1	
2016-11-08 13:33:53	SELECT * FROM iwebshop_admin WHERE admin_name = "luyaran" limit 1	
2016-11-08 13:34:00	SELECT * FROM iwebshop_admin WHERE admin_name='luyaran' and is_del = 0 limit 1	
2016-11-08 13:34:00	SELECT * FROM iwebshop_admin WHERE admin_name='luyaran' and is_del = 0 limit 1	
2016-11-08 13:34:00	SELECT * FROM iwebshop_admin WHERE admin_name = "luyaran" limit 1	
2016-11-08 13:34:07	SELECT * FROM iwebshop_admin WHERE admin_name='luyaran' and is_del = 0 limit 1	
2016-11-08 13:34:07	SELECT * FROM iwebshop_admin WHERE admin_name='luyaran' and is_del = 0 limit 1	
2016-11-08 13:34:07	SELECT * FROM iwebshop_admin WHERE admin_name = "luyaran" limit 1	
2016-11-08 13:34:12	SELECT * FROM iwebshop_admin WHERE admin_name='luyaran' and is_del = 0 limit 1	
2016-11-08 13:34:12	SELECT * FROM iwebshop_admin WHERE admin_name='luyaran' and is_del = 0 limit 1	
2016-11-08 13:34:12	SELECT * FROM iwebshop_admin WHERE admin_name = "luyaran" limit 1	
2016-11-08 13:34:18	SELECT * FROM iwebshop_admin WHERE admin_name='luyaran' and is_del = 0 limit 1	
2016-11-08 13:34:18	SELECT * FROM iwebshop_admin WHERE admin_name='luyaran' and is_del = 0 limit 1	
2016-11-08 13:34:18	SELECT * FROM iwebshop_admin WHERE admin_name = "luyaran" limit 1	
2016-11-08 13:34:23	SELECT * FROM iwebshop_admin WHERE admin_name='luyaran' and is_del = 0 limit 1	
2016-11-08 13:34:23	SELECT * FROM iwebshop_admin WHERE admin_name='luyaran' and is_del = 0 limit 1	
2016-11-08 13:34:23	SELECT * FROM iwebshop_admin WHERE admin_name = "luyaran" limit 1	
2016-11-08 13:34:27	SELECT * FROM iwebshop_admin WHERE admin_name='luyaran' and is_del = 0 limit 1	
2016-11-08 13:34:27	SELECT * FROM iwebshop_admin WHERE admin_name='luyaran' and is_del = 0 limit 1	
2016-11-08 13:34:27	SELECT * FROM iwebshop_keyword WHERE word = "12" limit 1	
2016-11-08 13:34:30	SELECT * FROM iwebshop_admin WHERE admin_name='luyaran' and is_del = 0 limit 1	
2016-11-08 13:34:30	SELECT * FROM iwebshop_admin WHERE admin_name='luyaran' and is_del = 0 limit 1	
2016-11-08 13:34:31	SELECT * FROM iwebshop_keyword WHERE word = "Waiting" limit 1	
2016-11-08 13:34:32	SELECT * FROM iwebshop_admin WHERE admin_name='luyaran' and is_del = 0 limit 1	
2016-11-08 13:34:32	SELECT * FROM iwebshop_admin WHERE admin_name='luyaran' and is_del = 0 limit 1	
2016-11-08 13:34:32	SELECT * FROM iwebshop_keyword WHERE word = "or" limit 1	
2016-11-08 13:34:34	SELECT * FROM iwebshop_admin WHERE admin_name='luyaran' and is_del = 0 limit 1	
2016-11-08 13:34:34	SELECT * FROM iwebshop_admin WHERE admin_name='luyaran' and is_del = 0 limit 1	
2016-11-08 13:34:34	SELECT * FROM iwebshop_keyword WHERE word = "of" limit 1	
2016-11-08 13:34:38	SELECT * FROM iwebshop_user as u,iwebshop_member as m WHERE (u.username = '' or u.email = '' or m.mobile='') and m.status = 1 and u.id = m.user_id limit 1	
2016-11-08 13:34:38	SELECT * FROM iwebshop_ad_position WHERE id=1 AND `status`=1 limit 1	
2016-11-08 13:34:38	SELECT * FROM iwebshop_ad_manage WHERE position_id=1 and goods_cat_id = 0 and start_time < '2016-11-08 13:34:38' AND end_time > '2016-11-08 13:34:38' ORDER BY `order` ASC  limit 50000	
2016-11-08 13:34:38	SELECT * FROM iwebshop_ad_position WHERE id=7 AND `status`=1 limit 1	
2016-11-08 13:34:38	SELECT * FROM iwebshop_ad_manage WHERE position_id=7 and goods_cat_id = 0 and start_time < '2016-11-08 13:34:38' AND end_time > '2016-11-08 13:34:38' ORDER BY `order` ASC  limit 50000	
2016-11-08 13:34:38	SELECT * FROM iwebshop_ad_position WHERE id=6 AND `status`=1 limit 1	
2016-11-08 13:34:38	SELECT * FROM iwebshop_ad_manage WHERE position_id=6 and goods_cat_id = 0 and start_time < '2016-11-08 13:34:38' AND end_time > '2016-11-08 13:34:38' ORDER BY `order` ASC  limit 50000	
2016-11-08 13:34:38	SELECT * FROM iwebshop_promotion WHERE `condition` between 0 and 999999999 and type = 0 and is_close = 0 and start_time <= "2016-11-08 13:34:38" and end_time >= "2016-11-08 13:34:38" and seller_id = 0 and award_type in (3,4,5,6,7) and user_group = "all"  ORDER BY `condition` DESC  limit 50000	
2016-11-08 13:34:38	SELECT * FROM iwebshop_promotion WHERE `condition` between 0 and 999999999 and type = 0 and is_close = 0 and start_time <= "2016-11-08 13:34:38" and end_time >= "2016-11-08 13:34:38" and seller_id = 0 and award_type in (1,2) and user_group = "all"  ORDER BY `condition` DESC  limit 50000	
2016-11-08 18:53:32	SELECT * FROM iwebshop_user as u,iwebshop_member as m WHERE (u.username = '' or u.email = '' or m.mobile='') and m.status = 1 and u.id = m.user_id limit 1	
2016-11-08 18:53:35	SELECT * FROM iwebshop_ad_position WHERE id=1 AND `status`=1 limit 1	
2016-11-08 18:53:35	SELECT * FROM iwebshop_ad_manage WHERE position_id=1 and goods_cat_id = 0 and start_time < '2016-11-08 18:53:35' AND end_time > '2016-11-08 18:53:35' ORDER BY `order` ASC  limit 50000	
2016-11-08 18:53:35	SELECT * FROM iwebshop_ad_position WHERE id=7 AND `status`=1 limit 1	
2016-11-08 18:53:35	SELECT * FROM iwebshop_ad_manage WHERE position_id=7 and goods_cat_id = 0 and start_time < '2016-11-08 18:53:35' AND end_time > '2016-11-08 18:53:35' ORDER BY `order` ASC  limit 50000	
2016-11-08 18:53:35	SELECT * FROM iwebshop_ad_position WHERE id=6 AND `status`=1 limit 1	
2016-11-08 18:53:35	SELECT * FROM iwebshop_ad_manage WHERE position_id=6 and goods_cat_id = 0 and start_time < '2016-11-08 18:53:35' AND end_time > '2016-11-08 18:53:35' ORDER BY `order` ASC  limit 50000	
2016-11-08 18:53:35	SELECT * FROM iwebshop_promotion WHERE `condition` between 0 and 999999999 and type = 0 and is_close = 0 and start_time <= "2016-11-08 18:53:35" and end_time >= "2016-11-08 18:53:35" and seller_id = 0 and award_type in (3,4,5,6,7) and user_group = "all"  ORDER BY `condition` DESC  limit 50000	
2016-11-08 18:53:35	SELECT * FROM iwebshop_promotion WHERE `condition` between 0 and 999999999 and type = 0 and is_close = 0 and start_time <= "2016-11-08 18:53:35" and end_time >= "2016-11-08 18:53:35" and seller_id = 0 and award_type in (1,2) and user_group = "all"  ORDER BY `condition` DESC  limit 50000	
2016-11-08 19:26:52	SELECT * FROM iwebshop_user as u,iwebshop_member as m WHERE (u.username = '' or u.email = '' or m.mobile='') and m.status = 1 and u.id = m.user_id limit 1	
2016-11-08 19:26:52	SELECT * FROM iwebshop_ad_position WHERE id=1 AND `status`=1 limit 1	
2016-11-08 19:26:52	SELECT * FROM iwebshop_ad_manage WHERE position_id=1 and goods_cat_id = 0 and start_time < '2016-11-08 19:26:52' AND end_time > '2016-11-08 19:26:52' ORDER BY `order` ASC  limit 50000	
2016-11-08 19:26:52	SELECT * FROM iwebshop_ad_position WHERE id=7 AND `status`=1 limit 1	
2016-11-08 19:26:52	SELECT * FROM iwebshop_ad_manage WHERE position_id=7 and goods_cat_id = 0 and start_time < '2016-11-08 19:26:52' AND end_time > '2016-11-08 19:26:52' ORDER BY `order` ASC  limit 50000	
2016-11-08 19:26:52	SELECT * FROM iwebshop_ad_position WHERE id=6 AND `status`=1 limit 1	
2016-11-08 19:26:52	SELECT * FROM iwebshop_ad_manage WHERE position_id=6 and goods_cat_id = 0 and start_time < '2016-11-08 19:26:52' AND end_time > '2016-11-08 19:26:52' ORDER BY `order` ASC  limit 50000	
2016-11-08 19:26:52	SELECT * FROM iwebshop_promotion WHERE `condition` between 0 and 999999999 and type = 0 and is_close = 0 and start_time <= "2016-11-08 19:26:52" and end_time >= "2016-11-08 19:26:52" and seller_id = 0 and award_type in (3,4,5,6,7) and user_group = "all"  ORDER BY `condition` DESC  limit 50000	
2016-11-08 19:26:52	SELECT * FROM iwebshop_promotion WHERE `condition` between 0 and 999999999 and type = 0 and is_close = 0 and start_time <= "2016-11-08 19:26:52" and end_time >= "2016-11-08 19:26:52" and seller_id = 0 and award_type in (1,2) and user_group = "all"  ORDER BY `condition` DESC  limit 50000	
